[0.420s] DEBUG:colcon:Command line arguments: ['/usr/bin/colcon', 'build', '--packages-up-to', 'a1_description', '--symlink-install']
[0.421s] DEBUG:colcon:Parsed command line arguments: Namespace(allow_overriding=[], ament_cmake_args=None, base_paths=['.'], build_base='build', catkin_cmake_args=None, catkin_skip_building_tests=False, cmake_args=None, cmake_clean_cache=False, cmake_clean_first=False, cmake_force_configure=False, cmake_target=None, cmake_target_skip_unavailable=False, continue_on_error=False, event_handlers=None, executor='parallel', ignore_user_meta=False, install_base='install', log_base=None, log_level=None, main=<bound method BuildVerb.main of <colcon_core.verb.build.BuildVerb object at 0x7f03dc75b2e0>>, merge_install=False, metas=['./colcon.meta'], mixin=None, mixin_files=None, mixin_verb=('build',), packages_above=None, packages_above_and_dependencies=None, packages_above_depth=None, packages_end=None, packages_ignore=None, packages_ignore_regex=None, packages_select=None, packages_select_build_failed=False, packages_select_by_dep=None, packages_select_regex=None, packages_select_test_failures=False, packages_skip=None, packages_skip_build_finished=False, packages_skip_by_dep=None, packages_skip_regex=None, packages_skip_test_passed=False, packages_skip_up_to=None, packages_start=None, packages_up_to=['a1_description'], packages_up_to_regex=None, parallel_workers=8, paths=None, symlink_install=True, test_result_base=None, verb_extension=<colcon_core.verb.build.BuildVerb object at 0x7f03dc75b2e0>, verb_name='build', verb_parser=<colcon_mixin.mixin.mixin_argument.MixinArgumentDecorator object at 0x7f03dc75b7c0>)
[0.516s] Level 1:colcon.colcon_core.package_discovery:discover_packages(colcon_meta) check parameters
[0.516s] Level 1:colcon.colcon_core.package_discovery:discover_packages(recursive) check parameters
[0.517s] Level 1:colcon.colcon_core.package_discovery:discover_packages(ignore) check parameters
[0.517s] Level 1:colcon.colcon_core.package_discovery:discover_packages(path) check parameters
[0.517s] Level 1:colcon.colcon_core.package_discovery:discover_packages(colcon_meta) discover
[0.517s] Level 1:colcon.colcon_core.package_discovery:discover_packages(recursive) discover
[0.517s] INFO:colcon.colcon_core.package_discovery:Crawling recursively for packages in '/home/danya/a1_ros2_foxy_sim/src'
[0.517s] Level 1:colcon.colcon_core.package_identification:_identify(.) by extensions ['ignore', 'ignore_ament_install']
[0.517s] Level 1:colcon.colcon_core.package_identification:_identify(.) by extension 'ignore'
[0.517s] Level 1:colcon.colcon_core.package_identification:_identify(.) by extension 'ignore_ament_install'
[0.517s] Level 1:colcon.colcon_core.package_identification:_identify(.) by extensions ['colcon_pkg']
[0.517s] Level 1:colcon.colcon_core.package_identification:_identify(.) by extension 'colcon_pkg'
[0.517s] Level 1:colcon.colcon_core.package_identification:_identify(.) by extensions ['colcon_meta']
[0.517s] Level 1:colcon.colcon_core.package_identification:_identify(.) by extension 'colcon_meta'
[0.518s] Level 1:colcon.colcon_core.package_identification:_identify(.) by extensions ['ros']
[0.518s] Level 1:colcon.colcon_core.package_identification:_identify(.) by extension 'ros'
[0.553s] Level 1:colcon.colcon_core.package_identification:_identify(.) by extensions ['cmake', 'python']
[0.553s] Level 1:colcon.colcon_core.package_identification:_identify(.) by extension 'cmake'
[0.553s] Level 1:colcon.colcon_core.package_identification:_identify(.) by extension 'python'
[0.554s] Level 1:colcon.colcon_core.package_identification:_identify(.) by extensions ['python_setup_py']
[0.554s] Level 1:colcon.colcon_core.package_identification:_identify(.) by extension 'python_setup_py'
[0.554s] Level 1:colcon.colcon_core.package_identification:_identify(build) by extensions ['ignore', 'ignore_ament_install']
[0.554s] Level 1:colcon.colcon_core.package_identification:_identify(build) by extension 'ignore'
[0.554s] Level 1:colcon.colcon_core.package_identification:_identify(build) ignored
[0.554s] Level 1:colcon.colcon_core.package_identification:_identify(install) by extensions ['ignore', 'ignore_ament_install']
[0.555s] Level 1:colcon.colcon_core.package_identification:_identify(install) by extension 'ignore'
[0.555s] Level 1:colcon.colcon_core.package_identification:_identify(install) ignored
[0.555s] Level 1:colcon.colcon_core.package_identification:_identify(log) by extensions ['ignore', 'ignore_ament_install']
[0.555s] Level 1:colcon.colcon_core.package_identification:_identify(log) by extension 'ignore'
[0.555s] Level 1:colcon.colcon_core.package_identification:_identify(log) ignored
[0.555s] Level 1:colcon.colcon_core.package_identification:_identify(quadruped_ros2_control) by extensions ['ignore', 'ignore_ament_install']
[0.555s] Level 1:colcon.colcon_core.package_identification:_identify(quadruped_ros2_control) by extension 'ignore'
[0.555s] Level 1:colcon.colcon_core.package_identification:_identify(quadruped_ros2_control) by extension 'ignore_ament_install'
[0.555s] Level 1:colcon.colcon_core.package_identification:_identify(quadruped_ros2_control) by extensions ['colcon_pkg']
[0.555s] Level 1:colcon.colcon_core.package_identification:_identify(quadruped_ros2_control) by extension 'colcon_pkg'
[0.556s] Level 1:colcon.colcon_core.package_identification:_identify(quadruped_ros2_control) by extensions ['colcon_meta']
[0.556s] Level 1:colcon.colcon_core.package_identification:_identify(quadruped_ros2_control) by extension 'colcon_meta'
[0.556s] Level 1:colcon.colcon_core.package_identification:_identify(quadruped_ros2_control) by extensions ['ros']
[0.556s] Level 1:colcon.colcon_core.package_identification:_identify(quadruped_ros2_control) by extension 'ros'
[0.556s] Level 1:colcon.colcon_core.package_identification:_identify(quadruped_ros2_control) by extensions ['cmake', 'python']
[0.556s] Level 1:colcon.colcon_core.package_identification:_identify(quadruped_ros2_control) by extension 'cmake'
[0.556s] Level 1:colcon.colcon_core.package_identification:_identify(quadruped_ros2_control) by extension 'python'
[0.556s] Level 1:colcon.colcon_core.package_identification:_identify(quadruped_ros2_control) by extensions ['python_setup_py']
[0.556s] Level 1:colcon.colcon_core.package_identification:_identify(quadruped_ros2_control) by extension 'python_setup_py'
[0.556s] Level 1:colcon.colcon_core.package_identification:_identify(quadruped_ros2_control/LICENSES) by extensions ['ignore', 'ignore_ament_install']
[0.557s] Level 1:colcon.colcon_core.package_identification:_identify(quadruped_ros2_control/LICENSES) by extension 'ignore'
[0.557s] Level 1:colcon.colcon_core.package_identification:_identify(quadruped_ros2_control/LICENSES) by extension 'ignore_ament_install'
[0.557s] Level 1:colcon.colcon_core.package_identification:_identify(quadruped_ros2_control/LICENSES) by extensions ['colcon_pkg']
[0.557s] Level 1:colcon.colcon_core.package_identification:_identify(quadruped_ros2_control/LICENSES) by extension 'colcon_pkg'
[0.557s] Level 1:colcon.colcon_core.package_identification:_identify(quadruped_ros2_control/LICENSES) by extensions ['colcon_meta']
[0.557s] Level 1:colcon.colcon_core.package_identification:_identify(quadruped_ros2_control/LICENSES) by extension 'colcon_meta'
[0.557s] Level 1:colcon.colcon_core.package_identification:_identify(quadruped_ros2_control/LICENSES) by extensions ['ros']
[0.557s] Level 1:colcon.colcon_core.package_identification:_identify(quadruped_ros2_control/LICENSES) by extension 'ros'
[0.557s] Level 1:colcon.colcon_core.package_identification:_identify(quadruped_ros2_control/LICENSES) by extensions ['cmake', 'python']
[0.557s] Level 1:colcon.colcon_core.package_identification:_identify(quadruped_ros2_control/LICENSES) by extension 'cmake'
[0.557s] Level 1:colcon.colcon_core.package_identification:_identify(quadruped_ros2_control/LICENSES) by extension 'python'
[0.557s] Level 1:colcon.colcon_core.package_identification:_identify(quadruped_ros2_control/LICENSES) by extensions ['python_setup_py']
[0.558s] Level 1:colcon.colcon_core.package_identification:_identify(quadruped_ros2_control/LICENSES) by extension 'python_setup_py'
[0.558s] Level 1:colcon.colcon_core.package_identification:_identify(quadruped_ros2_control/LICENSES/legged_control) by extensions ['ignore', 'ignore_ament_install']
[0.558s] Level 1:colcon.colcon_core.package_identification:_identify(quadruped_ros2_control/LICENSES/legged_control) by extension 'ignore'
[0.558s] Level 1:colcon.colcon_core.package_identification:_identify(quadruped_ros2_control/LICENSES/legged_control) by extension 'ignore_ament_install'
[0.558s] Level 1:colcon.colcon_core.package_identification:_identify(quadruped_ros2_control/LICENSES/legged_control) by extensions ['colcon_pkg']
[0.558s] Level 1:colcon.colcon_core.package_identification:_identify(quadruped_ros2_control/LICENSES/legged_control) by extension 'colcon_pkg'
[0.558s] Level 1:colcon.colcon_core.package_identification:_identify(quadruped_ros2_control/LICENSES/legged_control) by extensions ['colcon_meta']
[0.558s] Level 1:colcon.colcon_core.package_identification:_identify(quadruped_ros2_control/LICENSES/legged_control) by extension 'colcon_meta'
[0.558s] Level 1:colcon.colcon_core.package_identification:_identify(quadruped_ros2_control/LICENSES/legged_control) by extensions ['ros']
[0.558s] Level 1:colcon.colcon_core.package_identification:_identify(quadruped_ros2_control/LICENSES/legged_control) by extension 'ros'
[0.559s] Level 1:colcon.colcon_core.package_identification:_identify(quadruped_ros2_control/LICENSES/legged_control) by extensions ['cmake', 'python']
[0.559s] Level 1:colcon.colcon_core.package_identification:_identify(quadruped_ros2_control/LICENSES/legged_control) by extension 'cmake'
[0.559s] Level 1:colcon.colcon_core.package_identification:_identify(quadruped_ros2_control/LICENSES/legged_control) by extension 'python'
[0.559s] Level 1:colcon.colcon_core.package_identification:_identify(quadruped_ros2_control/LICENSES/legged_control) by extensions ['python_setup_py']
[0.559s] Level 1:colcon.colcon_core.package_identification:_identify(quadruped_ros2_control/LICENSES/legged_control) by extension 'python_setup_py'
[0.559s] Level 1:colcon.colcon_core.package_identification:_identify(quadruped_ros2_control/LICENSES/unitree_guide) by extensions ['ignore', 'ignore_ament_install']
[0.559s] Level 1:colcon.colcon_core.package_identification:_identify(quadruped_ros2_control/LICENSES/unitree_guide) by extension 'ignore'
[0.559s] Level 1:colcon.colcon_core.package_identification:_identify(quadruped_ros2_control/LICENSES/unitree_guide) by extension 'ignore_ament_install'
[0.559s] Level 1:colcon.colcon_core.package_identification:_identify(quadruped_ros2_control/LICENSES/unitree_guide) by extensions ['colcon_pkg']
[0.559s] Level 1:colcon.colcon_core.package_identification:_identify(quadruped_ros2_control/LICENSES/unitree_guide) by extension 'colcon_pkg'
[0.560s] Level 1:colcon.colcon_core.package_identification:_identify(quadruped_ros2_control/LICENSES/unitree_guide) by extensions ['colcon_meta']
[0.560s] Level 1:colcon.colcon_core.package_identification:_identify(quadruped_ros2_control/LICENSES/unitree_guide) by extension 'colcon_meta'
[0.560s] Level 1:colcon.colcon_core.package_identification:_identify(quadruped_ros2_control/LICENSES/unitree_guide) by extensions ['ros']
[0.560s] Level 1:colcon.colcon_core.package_identification:_identify(quadruped_ros2_control/LICENSES/unitree_guide) by extension 'ros'
[0.560s] Level 1:colcon.colcon_core.package_identification:_identify(quadruped_ros2_control/LICENSES/unitree_guide) by extensions ['cmake', 'python']
[0.560s] Level 1:colcon.colcon_core.package_identification:_identify(quadruped_ros2_control/LICENSES/unitree_guide) by extension 'cmake'
[0.560s] Level 1:colcon.colcon_core.package_identification:_identify(quadruped_ros2_control/LICENSES/unitree_guide) by extension 'python'
[0.560s] Level 1:colcon.colcon_core.package_identification:_identify(quadruped_ros2_control/LICENSES/unitree_guide) by extensions ['python_setup_py']
[0.560s] Level 1:colcon.colcon_core.package_identification:_identify(quadruped_ros2_control/LICENSES/unitree_guide) by extension 'python_setup_py'
[0.561s] Level 1:colcon.colcon_core.package_identification:_identify(quadruped_ros2_control/commands) by extensions ['ignore', 'ignore_ament_install']
[0.561s] Level 1:colcon.colcon_core.package_identification:_identify(quadruped_ros2_control/commands) by extension 'ignore'
[0.561s] Level 1:colcon.colcon_core.package_identification:_identify(quadruped_ros2_control/commands) by extension 'ignore_ament_install'
[0.561s] Level 1:colcon.colcon_core.package_identification:_identify(quadruped_ros2_control/commands) by extensions ['colcon_pkg']
[0.561s] Level 1:colcon.colcon_core.package_identification:_identify(quadruped_ros2_control/commands) by extension 'colcon_pkg'
[0.561s] Level 1:colcon.colcon_core.package_identification:_identify(quadruped_ros2_control/commands) by extensions ['colcon_meta']
[0.561s] Level 1:colcon.colcon_core.package_identification:_identify(quadruped_ros2_control/commands) by extension 'colcon_meta'
[0.561s] Level 1:colcon.colcon_core.package_identification:_identify(quadruped_ros2_control/commands) by extensions ['ros']
[0.561s] Level 1:colcon.colcon_core.package_identification:_identify(quadruped_ros2_control/commands) by extension 'ros'
[0.561s] Level 1:colcon.colcon_core.package_identification:_identify(quadruped_ros2_control/commands) by extensions ['cmake', 'python']
[0.561s] Level 1:colcon.colcon_core.package_identification:_identify(quadruped_ros2_control/commands) by extension 'cmake'
[0.562s] Level 1:colcon.colcon_core.package_identification:_identify(quadruped_ros2_control/commands) by extension 'python'
[0.562s] Level 1:colcon.colcon_core.package_identification:_identify(quadruped_ros2_control/commands) by extensions ['python_setup_py']
[0.562s] Level 1:colcon.colcon_core.package_identification:_identify(quadruped_ros2_control/commands) by extension 'python_setup_py'
[0.562s] Level 1:colcon.colcon_core.package_identification:_identify(quadruped_ros2_control/commands/control_input_msgs) by extensions ['ignore', 'ignore_ament_install']
[0.562s] Level 1:colcon.colcon_core.package_identification:_identify(quadruped_ros2_control/commands/control_input_msgs) by extension 'ignore'
[0.562s] Level 1:colcon.colcon_core.package_identification:_identify(quadruped_ros2_control/commands/control_input_msgs) by extension 'ignore_ament_install'
[0.562s] Level 1:colcon.colcon_core.package_identification:_identify(quadruped_ros2_control/commands/control_input_msgs) by extensions ['colcon_pkg']
[0.562s] Level 1:colcon.colcon_core.package_identification:_identify(quadruped_ros2_control/commands/control_input_msgs) by extension 'colcon_pkg'
[0.563s] Level 1:colcon.colcon_core.package_identification:_identify(quadruped_ros2_control/commands/control_input_msgs) by extensions ['colcon_meta']
[0.563s] Level 1:colcon.colcon_core.package_identification:_identify(quadruped_ros2_control/commands/control_input_msgs) by extension 'colcon_meta'
[0.563s] Level 1:colcon.colcon_core.package_identification:_identify(quadruped_ros2_control/commands/control_input_msgs) by extensions ['ros']
[0.563s] Level 1:colcon.colcon_core.package_identification:_identify(quadruped_ros2_control/commands/control_input_msgs) by extension 'ros'
[0.569s] DEBUG:colcon.colcon_core.package_identification:Package 'quadruped_ros2_control/commands/control_input_msgs' with type 'ros.ament_cmake' and name 'control_input_msgs'
[0.569s] Level 1:colcon.colcon_core.package_identification:_identify(quadruped_ros2_control/commands/joystick_input) by extensions ['ignore', 'ignore_ament_install']
[0.570s] Level 1:colcon.colcon_core.package_identification:_identify(quadruped_ros2_control/commands/joystick_input) by extension 'ignore'
[0.570s] Level 1:colcon.colcon_core.package_identification:_identify(quadruped_ros2_control/commands/joystick_input) by extension 'ignore_ament_install'
[0.570s] Level 1:colcon.colcon_core.package_identification:_identify(quadruped_ros2_control/commands/joystick_input) by extensions ['colcon_pkg']
[0.570s] Level 1:colcon.colcon_core.package_identification:_identify(quadruped_ros2_control/commands/joystick_input) by extension 'colcon_pkg'
[0.570s] Level 1:colcon.colcon_core.package_identification:_identify(quadruped_ros2_control/commands/joystick_input) by extensions ['colcon_meta']
[0.570s] Level 1:colcon.colcon_core.package_identification:_identify(quadruped_ros2_control/commands/joystick_input) by extension 'colcon_meta'
[0.570s] Level 1:colcon.colcon_core.package_identification:_identify(quadruped_ros2_control/commands/joystick_input) by extensions ['ros']
[0.570s] Level 1:colcon.colcon_core.package_identification:_identify(quadruped_ros2_control/commands/joystick_input) by extension 'ros'
[0.572s] DEBUG:colcon.colcon_core.package_identification:Package 'quadruped_ros2_control/commands/joystick_input' with type 'ros.ament_cmake' and name 'joystick_input'
[0.572s] Level 1:colcon.colcon_core.package_identification:_identify(quadruped_ros2_control/commands/keyboard_input) by extensions ['ignore', 'ignore_ament_install']
[0.572s] Level 1:colcon.colcon_core.package_identification:_identify(quadruped_ros2_control/commands/keyboard_input) by extension 'ignore'
[0.573s] Level 1:colcon.colcon_core.package_identification:_identify(quadruped_ros2_control/commands/keyboard_input) by extension 'ignore_ament_install'
[0.573s] Level 1:colcon.colcon_core.package_identification:_identify(quadruped_ros2_control/commands/keyboard_input) by extensions ['colcon_pkg']
[0.573s] Level 1:colcon.colcon_core.package_identification:_identify(quadruped_ros2_control/commands/keyboard_input) by extension 'colcon_pkg'
[0.573s] Level 1:colcon.colcon_core.package_identification:_identify(quadruped_ros2_control/commands/keyboard_input) by extensions ['colcon_meta']
[0.573s] Level 1:colcon.colcon_core.package_identification:_identify(quadruped_ros2_control/commands/keyboard_input) by extension 'colcon_meta'
[0.573s] Level 1:colcon.colcon_core.package_identification:_identify(quadruped_ros2_control/commands/keyboard_input) by extensions ['ros']
[0.573s] Level 1:colcon.colcon_core.package_identification:_identify(quadruped_ros2_control/commands/keyboard_input) by extension 'ros'
[0.574s] DEBUG:colcon.colcon_core.package_identification:Package 'quadruped_ros2_control/commands/keyboard_input' with type 'ros.ament_cmake' and name 'keyboard_input'
[0.575s] Level 1:colcon.colcon_core.package_identification:_identify(quadruped_ros2_control/controllers) by extensions ['ignore', 'ignore_ament_install']
[0.575s] Level 1:colcon.colcon_core.package_identification:_identify(quadruped_ros2_control/controllers) by extension 'ignore'
[0.575s] Level 1:colcon.colcon_core.package_identification:_identify(quadruped_ros2_control/controllers) by extension 'ignore_ament_install'
[0.575s] Level 1:colcon.colcon_core.package_identification:_identify(quadruped_ros2_control/controllers) by extensions ['colcon_pkg']
[0.575s] Level 1:colcon.colcon_core.package_identification:_identify(quadruped_ros2_control/controllers) by extension 'colcon_pkg'
[0.575s] Level 1:colcon.colcon_core.package_identification:_identify(quadruped_ros2_control/controllers) by extensions ['colcon_meta']
[0.575s] Level 1:colcon.colcon_core.package_identification:_identify(quadruped_ros2_control/controllers) by extension 'colcon_meta'
[0.575s] Level 1:colcon.colcon_core.package_identification:_identify(quadruped_ros2_control/controllers) by extensions ['ros']
[0.575s] Level 1:colcon.colcon_core.package_identification:_identify(quadruped_ros2_control/controllers) by extension 'ros'
[0.575s] Level 1:colcon.colcon_core.package_identification:_identify(quadruped_ros2_control/controllers) by extensions ['cmake', 'python']
[0.575s] Level 1:colcon.colcon_core.package_identification:_identify(quadruped_ros2_control/controllers) by extension 'cmake'
[0.576s] Level 1:colcon.colcon_core.package_identification:_identify(quadruped_ros2_control/controllers) by extension 'python'
[0.576s] Level 1:colcon.colcon_core.package_identification:_identify(quadruped_ros2_control/controllers) by extensions ['python_setup_py']
[0.576s] Level 1:colcon.colcon_core.package_identification:_identify(quadruped_ros2_control/controllers) by extension 'python_setup_py'
[0.576s] Level 1:colcon.colcon_core.package_identification:_identify(quadruped_ros2_control/controllers/leg_pd_controller) by extensions ['ignore', 'ignore_ament_install']
[0.576s] Level 1:colcon.colcon_core.package_identification:_identify(quadruped_ros2_control/controllers/leg_pd_controller) by extension 'ignore'
[0.576s] Level 1:colcon.colcon_core.package_identification:_identify(quadruped_ros2_control/controllers/leg_pd_controller) by extension 'ignore_ament_install'
[0.576s] Level 1:colcon.colcon_core.package_identification:_identify(quadruped_ros2_control/controllers/leg_pd_controller) by extensions ['colcon_pkg']
[0.576s] Level 1:colcon.colcon_core.package_identification:_identify(quadruped_ros2_control/controllers/leg_pd_controller) by extension 'colcon_pkg'
[0.576s] Level 1:colcon.colcon_core.package_identification:_identify(quadruped_ros2_control/controllers/leg_pd_controller) by extensions ['colcon_meta']
[0.577s] Level 1:colcon.colcon_core.package_identification:_identify(quadruped_ros2_control/controllers/leg_pd_controller) by extension 'colcon_meta'
[0.577s] Level 1:colcon.colcon_core.package_identification:_identify(quadruped_ros2_control/controllers/leg_pd_controller) by extensions ['ros']
[0.577s] Level 1:colcon.colcon_core.package_identification:_identify(quadruped_ros2_control/controllers/leg_pd_controller) by extension 'ros'
[0.578s] DEBUG:colcon.colcon_core.package_identification:Package 'quadruped_ros2_control/controllers/leg_pd_controller' with type 'ros.ament_cmake' and name 'leg_pd_controller'
[0.578s] Level 1:colcon.colcon_core.package_identification:_identify(quadruped_ros2_control/controllers/ocs2_quadruped_controller) by extensions ['ignore', 'ignore_ament_install']
[0.578s] Level 1:colcon.colcon_core.package_identification:_identify(quadruped_ros2_control/controllers/ocs2_quadruped_controller) by extension 'ignore'
[0.578s] Level 1:colcon.colcon_core.package_identification:_identify(quadruped_ros2_control/controllers/ocs2_quadruped_controller) by extension 'ignore_ament_install'
[0.578s] Level 1:colcon.colcon_core.package_identification:_identify(quadruped_ros2_control/controllers/ocs2_quadruped_controller) by extensions ['colcon_pkg']
[0.578s] Level 1:colcon.colcon_core.package_identification:_identify(quadruped_ros2_control/controllers/ocs2_quadruped_controller) by extension 'colcon_pkg'
[0.578s] Level 1:colcon.colcon_core.package_identification:_identify(quadruped_ros2_control/controllers/ocs2_quadruped_controller) by extensions ['colcon_meta']
[0.578s] Level 1:colcon.colcon_core.package_identification:_identify(quadruped_ros2_control/controllers/ocs2_quadruped_controller) by extension 'colcon_meta'
[0.579s] Level 1:colcon.colcon_core.package_identification:_identify(quadruped_ros2_control/controllers/ocs2_quadruped_controller) by extensions ['ros']
[0.579s] Level 1:colcon.colcon_core.package_identification:_identify(quadruped_ros2_control/controllers/ocs2_quadruped_controller) by extension 'ros'
[0.581s] DEBUG:colcon.colcon_core.package_identification:Package 'quadruped_ros2_control/controllers/ocs2_quadruped_controller' with type 'ros.ament_cmake' and name 'ocs2_quadruped_controller'
[0.581s] Level 1:colcon.colcon_core.package_identification:_identify(quadruped_ros2_control/controllers/rl_quadruped_controller) by extensions ['ignore', 'ignore_ament_install']
[0.581s] Level 1:colcon.colcon_core.package_identification:_identify(quadruped_ros2_control/controllers/rl_quadruped_controller) by extension 'ignore'
[0.581s] Level 1:colcon.colcon_core.package_identification:_identify(quadruped_ros2_control/controllers/rl_quadruped_controller) by extension 'ignore_ament_install'
[0.581s] Level 1:colcon.colcon_core.package_identification:_identify(quadruped_ros2_control/controllers/rl_quadruped_controller) by extensions ['colcon_pkg']
[0.581s] Level 1:colcon.colcon_core.package_identification:_identify(quadruped_ros2_control/controllers/rl_quadruped_controller) by extension 'colcon_pkg'
[0.581s] Level 1:colcon.colcon_core.package_identification:_identify(quadruped_ros2_control/controllers/rl_quadruped_controller) by extensions ['colcon_meta']
[0.581s] Level 1:colcon.colcon_core.package_identification:_identify(quadruped_ros2_control/controllers/rl_quadruped_controller) by extension 'colcon_meta'
[0.581s] Level 1:colcon.colcon_core.package_identification:_identify(quadruped_ros2_control/controllers/rl_quadruped_controller) by extensions ['ros']
[0.582s] Level 1:colcon.colcon_core.package_identification:_identify(quadruped_ros2_control/controllers/rl_quadruped_controller) by extension 'ros'
[0.583s] DEBUG:colcon.colcon_core.package_identification:Package 'quadruped_ros2_control/controllers/rl_quadruped_controller' with type 'ros.ament_cmake' and name 'rl_quadruped_controller'
[0.583s] Level 1:colcon.colcon_core.package_identification:_identify(quadruped_ros2_control/controllers/unitree_guide_controller) by extensions ['ignore', 'ignore_ament_install']
[0.583s] Level 1:colcon.colcon_core.package_identification:_identify(quadruped_ros2_control/controllers/unitree_guide_controller) by extension 'ignore'
[0.583s] Level 1:colcon.colcon_core.package_identification:_identify(quadruped_ros2_control/controllers/unitree_guide_controller) by extension 'ignore_ament_install'
[0.583s] Level 1:colcon.colcon_core.package_identification:_identify(quadruped_ros2_control/controllers/unitree_guide_controller) by extensions ['colcon_pkg']
[0.583s] Level 1:colcon.colcon_core.package_identification:_identify(quadruped_ros2_control/controllers/unitree_guide_controller) by extension 'colcon_pkg'
[0.584s] Level 1:colcon.colcon_core.package_identification:_identify(quadruped_ros2_control/controllers/unitree_guide_controller) by extensions ['colcon_meta']
[0.584s] Level 1:colcon.colcon_core.package_identification:_identify(quadruped_ros2_control/controllers/unitree_guide_controller) by extension 'colcon_meta'
[0.584s] Level 1:colcon.colcon_core.package_identification:_identify(quadruped_ros2_control/controllers/unitree_guide_controller) by extensions ['ros']
[0.584s] Level 1:colcon.colcon_core.package_identification:_identify(quadruped_ros2_control/controllers/unitree_guide_controller) by extension 'ros'
[0.586s] DEBUG:colcon.colcon_core.package_identification:Package 'quadruped_ros2_control/controllers/unitree_guide_controller' with type 'ros.ament_cmake' and name 'unitree_guide_controller'
[0.586s] Level 1:colcon.colcon_core.package_identification:_identify(quadruped_ros2_control/descriptions) by extensions ['ignore', 'ignore_ament_install']
[0.586s] Level 1:colcon.colcon_core.package_identification:_identify(quadruped_ros2_control/descriptions) by extension 'ignore'
[0.586s] Level 1:colcon.colcon_core.package_identification:_identify(quadruped_ros2_control/descriptions) by extension 'ignore_ament_install'
[0.586s] Level 1:colcon.colcon_core.package_identification:_identify(quadruped_ros2_control/descriptions) by extensions ['colcon_pkg']
[0.586s] Level 1:colcon.colcon_core.package_identification:_identify(quadruped_ros2_control/descriptions) by extension 'colcon_pkg'
[0.586s] Level 1:colcon.colcon_core.package_identification:_identify(quadruped_ros2_control/descriptions) by extensions ['colcon_meta']
[0.586s] Level 1:colcon.colcon_core.package_identification:_identify(quadruped_ros2_control/descriptions) by extension 'colcon_meta'
[0.586s] Level 1:colcon.colcon_core.package_identification:_identify(quadruped_ros2_control/descriptions) by extensions ['ros']
[0.586s] Level 1:colcon.colcon_core.package_identification:_identify(quadruped_ros2_control/descriptions) by extension 'ros'
[0.587s] Level 1:colcon.colcon_core.package_identification:_identify(quadruped_ros2_control/descriptions) by extensions ['cmake', 'python']
[0.587s] Level 1:colcon.colcon_core.package_identification:_identify(quadruped_ros2_control/descriptions) by extension 'cmake'
[0.587s] Level 1:colcon.colcon_core.package_identification:_identify(quadruped_ros2_control/descriptions) by extension 'python'
[0.587s] Level 1:colcon.colcon_core.package_identification:_identify(quadruped_ros2_control/descriptions) by extensions ['python_setup_py']
[0.587s] Level 1:colcon.colcon_core.package_identification:_identify(quadruped_ros2_control/descriptions) by extension 'python_setup_py'
[0.587s] Level 1:colcon.colcon_core.package_identification:_identify(quadruped_ros2_control/descriptions/unitree) by extensions ['ignore', 'ignore_ament_install']
[0.587s] Level 1:colcon.colcon_core.package_identification:_identify(quadruped_ros2_control/descriptions/unitree) by extension 'ignore'
[0.587s] Level 1:colcon.colcon_core.package_identification:_identify(quadruped_ros2_control/descriptions/unitree) by extension 'ignore_ament_install'
[0.587s] Level 1:colcon.colcon_core.package_identification:_identify(quadruped_ros2_control/descriptions/unitree) by extensions ['colcon_pkg']
[0.587s] Level 1:colcon.colcon_core.package_identification:_identify(quadruped_ros2_control/descriptions/unitree) by extension 'colcon_pkg'
[0.587s] Level 1:colcon.colcon_core.package_identification:_identify(quadruped_ros2_control/descriptions/unitree) by extensions ['colcon_meta']
[0.587s] Level 1:colcon.colcon_core.package_identification:_identify(quadruped_ros2_control/descriptions/unitree) by extension 'colcon_meta'
[0.588s] Level 1:colcon.colcon_core.package_identification:_identify(quadruped_ros2_control/descriptions/unitree) by extensions ['ros']
[0.588s] Level 1:colcon.colcon_core.package_identification:_identify(quadruped_ros2_control/descriptions/unitree) by extension 'ros'
[0.588s] Level 1:colcon.colcon_core.package_identification:_identify(quadruped_ros2_control/descriptions/unitree) by extensions ['cmake', 'python']
[0.588s] Level 1:colcon.colcon_core.package_identification:_identify(quadruped_ros2_control/descriptions/unitree) by extension 'cmake'
[0.588s] Level 1:colcon.colcon_core.package_identification:_identify(quadruped_ros2_control/descriptions/unitree) by extension 'python'
[0.588s] Level 1:colcon.colcon_core.package_identification:_identify(quadruped_ros2_control/descriptions/unitree) by extensions ['python_setup_py']
[0.588s] Level 1:colcon.colcon_core.package_identification:_identify(quadruped_ros2_control/descriptions/unitree) by extension 'python_setup_py'
[0.588s] Level 1:colcon.colcon_core.package_identification:_identify(quadruped_ros2_control/descriptions/unitree/a1_description) by extensions ['ignore', 'ignore_ament_install']
[0.588s] Level 1:colcon.colcon_core.package_identification:_identify(quadruped_ros2_control/descriptions/unitree/a1_description) by extension 'ignore'
[0.588s] Level 1:colcon.colcon_core.package_identification:_identify(quadruped_ros2_control/descriptions/unitree/a1_description) by extension 'ignore_ament_install'
[0.589s] Level 1:colcon.colcon_core.package_identification:_identify(quadruped_ros2_control/descriptions/unitree/a1_description) by extensions ['colcon_pkg']
[0.589s] Level 1:colcon.colcon_core.package_identification:_identify(quadruped_ros2_control/descriptions/unitree/a1_description) by extension 'colcon_pkg'
[0.589s] Level 1:colcon.colcon_core.package_identification:_identify(quadruped_ros2_control/descriptions/unitree/a1_description) by extensions ['colcon_meta']
[0.589s] Level 1:colcon.colcon_core.package_identification:_identify(quadruped_ros2_control/descriptions/unitree/a1_description) by extension 'colcon_meta'
[0.589s] Level 1:colcon.colcon_core.package_identification:_identify(quadruped_ros2_control/descriptions/unitree/a1_description) by extensions ['ros']
[0.589s] Level 1:colcon.colcon_core.package_identification:_identify(quadruped_ros2_control/descriptions/unitree/a1_description) by extension 'ros'
[0.590s] DEBUG:colcon.colcon_core.package_identification:Package 'quadruped_ros2_control/descriptions/unitree/a1_description' with type 'ros.ament_cmake' and name 'a1_description'
[0.590s] Level 1:colcon.colcon_core.package_identification:_identify(quadruped_ros2_control/descriptions/unitree/aliengo_description) by extensions ['ignore', 'ignore_ament_install']
[0.590s] Level 1:colcon.colcon_core.package_identification:_identify(quadruped_ros2_control/descriptions/unitree/aliengo_description) by extension 'ignore'
[0.590s] Level 1:colcon.colcon_core.package_identification:_identify(quadruped_ros2_control/descriptions/unitree/aliengo_description) by extension 'ignore_ament_install'
[0.590s] Level 1:colcon.colcon_core.package_identification:_identify(quadruped_ros2_control/descriptions/unitree/aliengo_description) by extensions ['colcon_pkg']
[0.590s] Level 1:colcon.colcon_core.package_identification:_identify(quadruped_ros2_control/descriptions/unitree/aliengo_description) by extension 'colcon_pkg'
[0.590s] Level 1:colcon.colcon_core.package_identification:_identify(quadruped_ros2_control/descriptions/unitree/aliengo_description) by extensions ['colcon_meta']
[0.590s] Level 1:colcon.colcon_core.package_identification:_identify(quadruped_ros2_control/descriptions/unitree/aliengo_description) by extension 'colcon_meta'
[0.591s] Level 1:colcon.colcon_core.package_identification:_identify(quadruped_ros2_control/descriptions/unitree/aliengo_description) by extensions ['ros']
[0.591s] Level 1:colcon.colcon_core.package_identification:_identify(quadruped_ros2_control/descriptions/unitree/aliengo_description) by extension 'ros'
[0.591s] DEBUG:colcon.colcon_core.package_identification:Package 'quadruped_ros2_control/descriptions/unitree/aliengo_description' with type 'ros.ament_cmake' and name 'aliengo_description'
[0.592s] Level 1:colcon.colcon_core.package_identification:_identify(quadruped_ros2_control/descriptions/unitree/b2_description) by extensions ['ignore', 'ignore_ament_install']
[0.592s] Level 1:colcon.colcon_core.package_identification:_identify(quadruped_ros2_control/descriptions/unitree/b2_description) by extension 'ignore'
[0.592s] Level 1:colcon.colcon_core.package_identification:_identify(quadruped_ros2_control/descriptions/unitree/b2_description) by extension 'ignore_ament_install'
[0.592s] Level 1:colcon.colcon_core.package_identification:_identify(quadruped_ros2_control/descriptions/unitree/b2_description) by extensions ['colcon_pkg']
[0.592s] Level 1:colcon.colcon_core.package_identification:_identify(quadruped_ros2_control/descriptions/unitree/b2_description) by extension 'colcon_pkg'
[0.592s] Level 1:colcon.colcon_core.package_identification:_identify(quadruped_ros2_control/descriptions/unitree/b2_description) by extensions ['colcon_meta']
[0.592s] Level 1:colcon.colcon_core.package_identification:_identify(quadruped_ros2_control/descriptions/unitree/b2_description) by extension 'colcon_meta'
[0.592s] Level 1:colcon.colcon_core.package_identification:_identify(quadruped_ros2_control/descriptions/unitree/b2_description) by extensions ['ros']
[0.592s] Level 1:colcon.colcon_core.package_identification:_identify(quadruped_ros2_control/descriptions/unitree/b2_description) by extension 'ros'
[0.593s] DEBUG:colcon.colcon_core.package_identification:Package 'quadruped_ros2_control/descriptions/unitree/b2_description' with type 'ros.ament_cmake' and name 'b2_description'
[0.593s] Level 1:colcon.colcon_core.package_identification:_identify(quadruped_ros2_control/descriptions/unitree/go1_description) by extensions ['ignore', 'ignore_ament_install']
[0.593s] Level 1:colcon.colcon_core.package_identification:_identify(quadruped_ros2_control/descriptions/unitree/go1_description) by extension 'ignore'
[0.594s] Level 1:colcon.colcon_core.package_identification:_identify(quadruped_ros2_control/descriptions/unitree/go1_description) by extension 'ignore_ament_install'
[0.594s] Level 1:colcon.colcon_core.package_identification:_identify(quadruped_ros2_control/descriptions/unitree/go1_description) by extensions ['colcon_pkg']
[0.594s] Level 1:colcon.colcon_core.package_identification:_identify(quadruped_ros2_control/descriptions/unitree/go1_description) by extension 'colcon_pkg'
[0.594s] Level 1:colcon.colcon_core.package_identification:_identify(quadruped_ros2_control/descriptions/unitree/go1_description) by extensions ['colcon_meta']
[0.594s] Level 1:colcon.colcon_core.package_identification:_identify(quadruped_ros2_control/descriptions/unitree/go1_description) by extension 'colcon_meta'
[0.594s] Level 1:colcon.colcon_core.package_identification:_identify(quadruped_ros2_control/descriptions/unitree/go1_description) by extensions ['ros']
[0.594s] Level 1:colcon.colcon_core.package_identification:_identify(quadruped_ros2_control/descriptions/unitree/go1_description) by extension 'ros'
[0.595s] DEBUG:colcon.colcon_core.package_identification:Package 'quadruped_ros2_control/descriptions/unitree/go1_description' with type 'ros.ament_cmake' and name 'go1_description'
[0.595s] Level 1:colcon.colcon_core.package_identification:_identify(quadruped_ros2_control/descriptions/unitree/go2_description) by extensions ['ignore', 'ignore_ament_install']
[0.595s] Level 1:colcon.colcon_core.package_identification:_identify(quadruped_ros2_control/descriptions/unitree/go2_description) by extension 'ignore'
[0.595s] Level 1:colcon.colcon_core.package_identification:_identify(quadruped_ros2_control/descriptions/unitree/go2_description) by extension 'ignore_ament_install'
[0.595s] Level 1:colcon.colcon_core.package_identification:_identify(quadruped_ros2_control/descriptions/unitree/go2_description) by extensions ['colcon_pkg']
[0.595s] Level 1:colcon.colcon_core.package_identification:_identify(quadruped_ros2_control/descriptions/unitree/go2_description) by extension 'colcon_pkg'
[0.595s] Level 1:colcon.colcon_core.package_identification:_identify(quadruped_ros2_control/descriptions/unitree/go2_description) by extensions ['colcon_meta']
[0.596s] Level 1:colcon.colcon_core.package_identification:_identify(quadruped_ros2_control/descriptions/unitree/go2_description) by extension 'colcon_meta'
[0.596s] Level 1:colcon.colcon_core.package_identification:_identify(quadruped_ros2_control/descriptions/unitree/go2_description) by extensions ['ros']
[0.596s] Level 1:colcon.colcon_core.package_identification:_identify(quadruped_ros2_control/descriptions/unitree/go2_description) by extension 'ros'
[0.597s] DEBUG:colcon.colcon_core.package_identification:Package 'quadruped_ros2_control/descriptions/unitree/go2_description' with type 'ros.ament_cmake' and name 'go2_description'
[0.597s] Level 1:colcon.colcon_core.package_identification:_identify(quadruped_ros2_control/hardwares) by extensions ['ignore', 'ignore_ament_install']
[0.597s] Level 1:colcon.colcon_core.package_identification:_identify(quadruped_ros2_control/hardwares) by extension 'ignore'
[0.597s] Level 1:colcon.colcon_core.package_identification:_identify(quadruped_ros2_control/hardwares) by extension 'ignore_ament_install'
[0.597s] Level 1:colcon.colcon_core.package_identification:_identify(quadruped_ros2_control/hardwares) by extensions ['colcon_pkg']
[0.597s] Level 1:colcon.colcon_core.package_identification:_identify(quadruped_ros2_control/hardwares) by extension 'colcon_pkg'
[0.597s] Level 1:colcon.colcon_core.package_identification:_identify(quadruped_ros2_control/hardwares) by extensions ['colcon_meta']
[0.597s] Level 1:colcon.colcon_core.package_identification:_identify(quadruped_ros2_control/hardwares) by extension 'colcon_meta'
[0.597s] Level 1:colcon.colcon_core.package_identification:_identify(quadruped_ros2_control/hardwares) by extensions ['ros']
[0.597s] Level 1:colcon.colcon_core.package_identification:_identify(quadruped_ros2_control/hardwares) by extension 'ros'
[0.598s] Level 1:colcon.colcon_core.package_identification:_identify(quadruped_ros2_control/hardwares) by extensions ['cmake', 'python']
[0.598s] Level 1:colcon.colcon_core.package_identification:_identify(quadruped_ros2_control/hardwares) by extension 'cmake'
[0.598s] Level 1:colcon.colcon_core.package_identification:_identify(quadruped_ros2_control/hardwares) by extension 'python'
[0.598s] Level 1:colcon.colcon_core.package_identification:_identify(quadruped_ros2_control/hardwares) by extensions ['python_setup_py']
[0.598s] Level 1:colcon.colcon_core.package_identification:_identify(quadruped_ros2_control/hardwares) by extension 'python_setup_py'
[0.598s] Level 1:colcon.colcon_core.package_identification:_identify(quadruped_ros2_control/hardwares/gz_quadruped_hardware) by extensions ['ignore', 'ignore_ament_install']
[0.598s] Level 1:colcon.colcon_core.package_identification:_identify(quadruped_ros2_control/hardwares/gz_quadruped_hardware) by extension 'ignore'
[0.598s] Level 1:colcon.colcon_core.package_identification:_identify(quadruped_ros2_control/hardwares/gz_quadruped_hardware) by extension 'ignore_ament_install'
[0.598s] Level 1:colcon.colcon_core.package_identification:_identify(quadruped_ros2_control/hardwares/gz_quadruped_hardware) by extensions ['colcon_pkg']
[0.598s] Level 1:colcon.colcon_core.package_identification:_identify(quadruped_ros2_control/hardwares/gz_quadruped_hardware) by extension 'colcon_pkg'
[0.599s] Level 1:colcon.colcon_core.package_identification:_identify(quadruped_ros2_control/hardwares/gz_quadruped_hardware) by extensions ['colcon_meta']
[0.599s] Level 1:colcon.colcon_core.package_identification:_identify(quadruped_ros2_control/hardwares/gz_quadruped_hardware) by extension 'colcon_meta'
[0.599s] Level 1:colcon.colcon_core.package_identification:_identify(quadruped_ros2_control/hardwares/gz_quadruped_hardware) by extensions ['ros']
[0.599s] Level 1:colcon.colcon_core.package_identification:_identify(quadruped_ros2_control/hardwares/gz_quadruped_hardware) by extension 'ros'
[0.601s] DEBUG:colcon.colcon_core.package_identification:Package 'quadruped_ros2_control/hardwares/gz_quadruped_hardware' with type 'ros.ament_cmake' and name 'gz_quadruped_hardware'
[0.601s] Level 1:colcon.colcon_core.package_identification:_identify(quadruped_ros2_control/hardwares/hardware_unitree_mujoco) by extensions ['ignore', 'ignore_ament_install']
[0.601s] Level 1:colcon.colcon_core.package_identification:_identify(quadruped_ros2_control/hardwares/hardware_unitree_mujoco) by extension 'ignore'
[0.601s] Level 1:colcon.colcon_core.package_identification:_identify(quadruped_ros2_control/hardwares/hardware_unitree_mujoco) by extension 'ignore_ament_install'
[0.602s] Level 1:colcon.colcon_core.package_identification:_identify(quadruped_ros2_control/hardwares/hardware_unitree_mujoco) by extensions ['colcon_pkg']
[0.602s] Level 1:colcon.colcon_core.package_identification:_identify(quadruped_ros2_control/hardwares/hardware_unitree_mujoco) by extension 'colcon_pkg'
[0.602s] Level 1:colcon.colcon_core.package_identification:_identify(quadruped_ros2_control/hardwares/hardware_unitree_mujoco) by extensions ['colcon_meta']
[0.602s] Level 1:colcon.colcon_core.package_identification:_identify(quadruped_ros2_control/hardwares/hardware_unitree_mujoco) by extension 'colcon_meta'
[0.602s] Level 1:colcon.colcon_core.package_identification:_identify(quadruped_ros2_control/hardwares/hardware_unitree_mujoco) by extensions ['ros']
[0.602s] Level 1:colcon.colcon_core.package_identification:_identify(quadruped_ros2_control/hardwares/hardware_unitree_mujoco) by extension 'ros'
[0.603s] DEBUG:colcon.colcon_core.package_identification:Package 'quadruped_ros2_control/hardwares/hardware_unitree_mujoco' with type 'ros.ament_cmake' and name 'hardware_unitree_mujoco'
[0.603s] Level 1:colcon.colcon_core.package_identification:_identify(quadruped_ros2_control/libraries) by extensions ['ignore', 'ignore_ament_install']
[0.603s] Level 1:colcon.colcon_core.package_identification:_identify(quadruped_ros2_control/libraries) by extension 'ignore'
[0.603s] Level 1:colcon.colcon_core.package_identification:_identify(quadruped_ros2_control/libraries) by extension 'ignore_ament_install'
[0.603s] Level 1:colcon.colcon_core.package_identification:_identify(quadruped_ros2_control/libraries) by extensions ['colcon_pkg']
[0.603s] Level 1:colcon.colcon_core.package_identification:_identify(quadruped_ros2_control/libraries) by extension 'colcon_pkg'
[0.603s] Level 1:colcon.colcon_core.package_identification:_identify(quadruped_ros2_control/libraries) by extensions ['colcon_meta']
[0.603s] Level 1:colcon.colcon_core.package_identification:_identify(quadruped_ros2_control/libraries) by extension 'colcon_meta'
[0.603s] Level 1:colcon.colcon_core.package_identification:_identify(quadruped_ros2_control/libraries) by extensions ['ros']
[0.603s] Level 1:colcon.colcon_core.package_identification:_identify(quadruped_ros2_control/libraries) by extension 'ros'
[0.604s] Level 1:colcon.colcon_core.package_identification:_identify(quadruped_ros2_control/libraries) by extensions ['cmake', 'python']
[0.604s] Level 1:colcon.colcon_core.package_identification:_identify(quadruped_ros2_control/libraries) by extension 'cmake'
[0.604s] Level 1:colcon.colcon_core.package_identification:_identify(quadruped_ros2_control/libraries) by extension 'python'
[0.604s] Level 1:colcon.colcon_core.package_identification:_identify(quadruped_ros2_control/libraries) by extensions ['python_setup_py']
[0.604s] Level 1:colcon.colcon_core.package_identification:_identify(quadruped_ros2_control/libraries) by extension 'python_setup_py'
[0.604s] Level 1:colcon.colcon_core.package_identification:_identify(quadruped_ros2_control/libraries/controller_common) by extensions ['ignore', 'ignore_ament_install']
[0.604s] Level 1:colcon.colcon_core.package_identification:_identify(quadruped_ros2_control/libraries/controller_common) by extension 'ignore'
[0.604s] Level 1:colcon.colcon_core.package_identification:_identify(quadruped_ros2_control/libraries/controller_common) by extension 'ignore_ament_install'
[0.604s] Level 1:colcon.colcon_core.package_identification:_identify(quadruped_ros2_control/libraries/controller_common) by extensions ['colcon_pkg']
[0.605s] Level 1:colcon.colcon_core.package_identification:_identify(quadruped_ros2_control/libraries/controller_common) by extension 'colcon_pkg'
[0.605s] Level 1:colcon.colcon_core.package_identification:_identify(quadruped_ros2_control/libraries/controller_common) by extensions ['colcon_meta']
[0.605s] Level 1:colcon.colcon_core.package_identification:_identify(quadruped_ros2_control/libraries/controller_common) by extension 'colcon_meta'
[0.605s] Level 1:colcon.colcon_core.package_identification:_identify(quadruped_ros2_control/libraries/controller_common) by extensions ['ros']
[0.605s] Level 1:colcon.colcon_core.package_identification:_identify(quadruped_ros2_control/libraries/controller_common) by extension 'ros'
[0.606s] DEBUG:colcon.colcon_core.package_identification:Package 'quadruped_ros2_control/libraries/controller_common' with type 'ros.ament_cmake' and name 'controller_common'
[0.606s] Level 1:colcon.colcon_core.package_identification:_identify(quadruped_ros2_control/libraries/gz_quadruped_playground) by extensions ['ignore', 'ignore_ament_install']
[0.606s] Level 1:colcon.colcon_core.package_identification:_identify(quadruped_ros2_control/libraries/gz_quadruped_playground) by extension 'ignore'
[0.606s] Level 1:colcon.colcon_core.package_identification:_identify(quadruped_ros2_control/libraries/gz_quadruped_playground) by extension 'ignore_ament_install'
[0.606s] Level 1:colcon.colcon_core.package_identification:_identify(quadruped_ros2_control/libraries/gz_quadruped_playground) by extensions ['colcon_pkg']
[0.606s] Level 1:colcon.colcon_core.package_identification:_identify(quadruped_ros2_control/libraries/gz_quadruped_playground) by extension 'colcon_pkg'
[0.607s] Level 1:colcon.colcon_core.package_identification:_identify(quadruped_ros2_control/libraries/gz_quadruped_playground) by extensions ['colcon_meta']
[0.607s] Level 1:colcon.colcon_core.package_identification:_identify(quadruped_ros2_control/libraries/gz_quadruped_playground) by extension 'colcon_meta'
[0.607s] Level 1:colcon.colcon_core.package_identification:_identify(quadruped_ros2_control/libraries/gz_quadruped_playground) by extensions ['ros']
[0.607s] Level 1:colcon.colcon_core.package_identification:_identify(quadruped_ros2_control/libraries/gz_quadruped_playground) by extension 'ros'
[0.608s] DEBUG:colcon.colcon_core.package_identification:Package 'quadruped_ros2_control/libraries/gz_quadruped_playground' with type 'ros.ament_cmake' and name 'gz_quadruped_playground'
[0.608s] Level 1:colcon.colcon_core.package_identification:_identify(quadruped_ros2_control/libraries/qpoases_colcon) by extensions ['ignore', 'ignore_ament_install']
[0.608s] Level 1:colcon.colcon_core.package_identification:_identify(quadruped_ros2_control/libraries/qpoases_colcon) by extension 'ignore'
[0.608s] Level 1:colcon.colcon_core.package_identification:_identify(quadruped_ros2_control/libraries/qpoases_colcon) by extension 'ignore_ament_install'
[0.608s] Level 1:colcon.colcon_core.package_identification:_identify(quadruped_ros2_control/libraries/qpoases_colcon) by extensions ['colcon_pkg']
[0.608s] Level 1:colcon.colcon_core.package_identification:_identify(quadruped_ros2_control/libraries/qpoases_colcon) by extension 'colcon_pkg'
[0.608s] Level 1:colcon.colcon_core.package_identification:_identify(quadruped_ros2_control/libraries/qpoases_colcon) by extensions ['colcon_meta']
[0.608s] Level 1:colcon.colcon_core.package_identification:_identify(quadruped_ros2_control/libraries/qpoases_colcon) by extension 'colcon_meta'
[0.608s] Level 1:colcon.colcon_core.package_identification:_identify(quadruped_ros2_control/libraries/qpoases_colcon) by extensions ['ros']
[0.608s] Level 1:colcon.colcon_core.package_identification:_identify(quadruped_ros2_control/libraries/qpoases_colcon) by extension 'ros'
[0.609s] DEBUG:colcon.colcon_core.package_identification:Package 'quadruped_ros2_control/libraries/qpoases_colcon' with type 'ros.ament_cmake' and name 'qpoases_colcon'
[0.609s] Level 1:colcon.colcon_core.package_discovery:discover_packages(recursive) using defaults
[0.609s] Level 1:colcon.colcon_core.package_discovery:discover_packages(ignore) discover
[0.609s] Level 1:colcon.colcon_core.package_discovery:discover_packages(ignore) using defaults
[0.609s] Level 1:colcon.colcon_core.package_discovery:discover_packages(path) discover
[0.610s] Level 1:colcon.colcon_core.package_discovery:discover_packages(path) using defaults
[0.649s] INFO:colcon.colcon_core.package_selection:Skipping package 'unitree_guide_controller' in 'quadruped_ros2_control/controllers/unitree_guide_controller'
[0.649s] INFO:colcon.colcon_core.package_selection:Skipping package 'rl_quadruped_controller' in 'quadruped_ros2_control/controllers/rl_quadruped_controller'
[0.649s] INFO:colcon.colcon_core.package_selection:Skipping package 'ocs2_quadruped_controller' in 'quadruped_ros2_control/controllers/ocs2_quadruped_controller'
[0.649s] INFO:colcon.colcon_core.package_selection:Skipping package 'keyboard_input' in 'quadruped_ros2_control/commands/keyboard_input'
[0.649s] INFO:colcon.colcon_core.package_selection:Skipping package 'joystick_input' in 'quadruped_ros2_control/commands/joystick_input'
[0.649s] INFO:colcon.colcon_core.package_selection:Skipping package 'gz_quadruped_playground' in 'quadruped_ros2_control/libraries/gz_quadruped_playground'
[0.649s] INFO:colcon.colcon_core.package_selection:Skipping package 'controller_common' in 'quadruped_ros2_control/libraries/controller_common'
[0.649s] INFO:colcon.colcon_core.package_selection:Skipping package 'qpoases_colcon' in 'quadruped_ros2_control/libraries/qpoases_colcon'
[0.649s] INFO:colcon.colcon_core.package_selection:Skipping package 'leg_pd_controller' in 'quadruped_ros2_control/controllers/leg_pd_controller'
[0.650s] INFO:colcon.colcon_core.package_selection:Skipping package 'hardware_unitree_mujoco' in 'quadruped_ros2_control/hardwares/hardware_unitree_mujoco'
[0.650s] INFO:colcon.colcon_core.package_selection:Skipping package 'gz_quadruped_hardware' in 'quadruped_ros2_control/hardwares/gz_quadruped_hardware'
[0.650s] INFO:colcon.colcon_core.package_selection:Skipping package 'go2_description' in 'quadruped_ros2_control/descriptions/unitree/go2_description'
[0.650s] INFO:colcon.colcon_core.package_selection:Skipping package 'go1_description' in 'quadruped_ros2_control/descriptions/unitree/go1_description'
[0.650s] INFO:colcon.colcon_core.package_selection:Skipping package 'control_input_msgs' in 'quadruped_ros2_control/commands/control_input_msgs'
[0.650s] INFO:colcon.colcon_core.package_selection:Skipping package 'b2_description' in 'quadruped_ros2_control/descriptions/unitree/b2_description'
[0.650s] INFO:colcon.colcon_core.package_selection:Skipping package 'aliengo_description' in 'quadruped_ros2_control/descriptions/unitree/aliengo_description'
[0.651s] Level 1:colcon.colcon_core.package_discovery:discover_packages(prefix_path) check parameters
[0.651s] Level 1:colcon.colcon_core.package_discovery:discover_packages(prefix_path) discover
[0.656s] DEBUG:colcon.colcon_installed_package_information.package_discovery:Found 295 installed packages in /opt/ros/foxy
[0.660s] Level 1:colcon.colcon_core.package_discovery:discover_packages(prefix_path) using defaults
[0.763s] Level 5:colcon.colcon_core.verb:set package 'a1_description' build argument 'cmake_args' from command line to 'None'
[0.763s] Level 5:colcon.colcon_core.verb:set package 'a1_description' build argument 'cmake_target' from command line to 'None'
[0.763s] Level 5:colcon.colcon_core.verb:set package 'a1_description' build argument 'cmake_target_skip_unavailable' from command line to 'False'
[0.763s] Level 5:colcon.colcon_core.verb:set package 'a1_description' build argument 'cmake_clean_cache' from command line to 'False'
[0.763s] Level 5:colcon.colcon_core.verb:set package 'a1_description' build argument 'cmake_clean_first' from command line to 'False'
[0.763s] Level 5:colcon.colcon_core.verb:set package 'a1_description' build argument 'cmake_force_configure' from command line to 'False'
[0.763s] Level 5:colcon.colcon_core.verb:set package 'a1_description' build argument 'ament_cmake_args' from command line to 'None'
[0.764s] Level 5:colcon.colcon_core.verb:set package 'a1_description' build argument 'catkin_cmake_args' from command line to 'None'
[0.764s] Level 5:colcon.colcon_core.verb:set package 'a1_description' build argument 'catkin_skip_building_tests' from command line to 'False'
[0.764s] DEBUG:colcon.colcon_core.verb:Building package 'a1_description' with the following arguments: {'ament_cmake_args': None, 'build_base': '/home/danya/a1_ros2_foxy_sim/src/build/a1_description', 'catkin_cmake_args': None, 'catkin_skip_building_tests': False, 'cmake_args': None, 'cmake_clean_cache': False, 'cmake_clean_first': False, 'cmake_force_configure': False, 'cmake_target': None, 'cmake_target_skip_unavailable': False, 'install_base': '/home/danya/a1_ros2_foxy_sim/src/install/a1_description', 'merge_install': False, 'path': '/home/danya/a1_ros2_foxy_sim/src/quadruped_ros2_control/descriptions/unitree/a1_description', 'symlink_install': True, 'test_result_base': None}
[0.764s] INFO:colcon.colcon_core.executor:Executing jobs using 'parallel' executor
[0.766s] DEBUG:colcon.colcon_parallel_executor.executor.parallel:run_until_complete
[0.766s] INFO:colcon.colcon_ros.task.ament_cmake.build:Building ROS package in '/home/danya/a1_ros2_foxy_sim/src/quadruped_ros2_control/descriptions/unitree/a1_description' with build type 'ament_cmake'
[0.766s] INFO:colcon.colcon_cmake.task.cmake.build:Building CMake package in '/home/danya/a1_ros2_foxy_sim/src/quadruped_ros2_control/descriptions/unitree/a1_description'
[0.772s] INFO:colcon.colcon_core.plugin_system:Skipping extension 'colcon_core.shell.bat': Not used on non-Windows systems
[0.772s] INFO:colcon.colcon_core.shell:Skip shell extension 'powershell' for command environment: Not usable outside of PowerShell
[0.772s] DEBUG:colcon.colcon_core.shell:Skip shell extension 'dsv' for command environment
[0.799s] DEBUG:colcon.colcon_core.event_handler.log_command:Invoking command in '/home/danya/a1_ros2_foxy_sim/src/build/a1_description': CMAKE_PREFIX_PATH=/opt/ros/foxy /usr/bin/cmake /home/danya/a1_ros2_foxy_sim/src/quadruped_ros2_control/descriptions/unitree/a1_description -DAMENT_CMAKE_SYMLINK_INSTALL=1 -DCMAKE_INSTALL_PREFIX=/home/danya/a1_ros2_foxy_sim/src/install/a1_description
[2.555s] DEBUG:colcon.colcon_core.event_handler.log_command:Invoked command in '/home/danya/a1_ros2_foxy_sim/src/build/a1_description' returned '0': CMAKE_PREFIX_PATH=/opt/ros/foxy /usr/bin/cmake /home/danya/a1_ros2_foxy_sim/src/quadruped_ros2_control/descriptions/unitree/a1_description -DAMENT_CMAKE_SYMLINK_INSTALL=1 -DCMAKE_INSTALL_PREFIX=/home/danya/a1_ros2_foxy_sim/src/install/a1_description
[2.563s] DEBUG:colcon.colcon_core.event_handler.log_command:Invoking command in '/home/danya/a1_ros2_foxy_sim/src/build/a1_description': CMAKE_PREFIX_PATH=/opt/ros/foxy /usr/bin/cmake --build /home/danya/a1_ros2_foxy_sim/src/build/a1_description -- -j8 -l8
[2.658s] DEBUG:colcon.colcon_core.event_handler.log_command:Invoked command in '/home/danya/a1_ros2_foxy_sim/src/build/a1_description' returned '0': CMAKE_PREFIX_PATH=/opt/ros/foxy /usr/bin/cmake --build /home/danya/a1_ros2_foxy_sim/src/build/a1_description -- -j8 -l8
[2.689s] DEBUG:colcon.colcon_core.event_handler.log_command:Invoking command in '/home/danya/a1_ros2_foxy_sim/src/build/a1_description': CMAKE_PREFIX_PATH=/opt/ros/foxy /usr/bin/cmake --install /home/danya/a1_ros2_foxy_sim/src/build/a1_description
[3.575s] Level 1:colcon.colcon_core.environment:create_environment_scripts_only(a1_description)
[3.577s] DEBUG:colcon.colcon_core.event_handler.log_command:Invoked command in '/home/danya/a1_ros2_foxy_sim/src/build/a1_description' returned '0': CMAKE_PREFIX_PATH=/opt/ros/foxy /usr/bin/cmake --install /home/danya/a1_ros2_foxy_sim/src/build/a1_description
[3.595s] Level 1:colcon.colcon_core.environment:checking '/home/danya/a1_ros2_foxy_sim/src/install/a1_description' for CMake module files
[3.596s] Level 1:colcon.colcon_core.environment:checking '/home/danya/a1_ros2_foxy_sim/src/install/a1_description' for CMake config files
[3.597s] Level 1:colcon.colcon_core.shell:create_environment_hook('a1_description', 'cmake_prefix_path')
[3.599s] INFO:colcon.colcon_core.shell:Creating environment hook '/home/danya/a1_ros2_foxy_sim/src/install/a1_description/share/a1_description/hook/cmake_prefix_path.ps1'
[3.602s] INFO:colcon.colcon_core.shell:Creating environment descriptor '/home/danya/a1_ros2_foxy_sim/src/install/a1_description/share/a1_description/hook/cmake_prefix_path.dsv'
[3.604s] INFO:colcon.colcon_core.shell:Creating environment hook '/home/danya/a1_ros2_foxy_sim/src/install/a1_description/share/a1_description/hook/cmake_prefix_path.sh'
[3.606s] Level 1:colcon.colcon_core.environment:checking '/home/danya/a1_ros2_foxy_sim/src/install/a1_description/bin'
[3.607s] Level 1:colcon.colcon_core.environment:checking '/home/danya/a1_ros2_foxy_sim/src/install/a1_description/lib/pkgconfig/a1_description.pc'
[3.607s] Level 1:colcon.colcon_core.environment:checking '/home/danya/a1_ros2_foxy_sim/src/install/a1_description/lib/python3.8/site-packages'
[3.607s] Level 1:colcon.colcon_core.environment:checking '/home/danya/a1_ros2_foxy_sim/src/install/a1_description/bin'
[3.608s] INFO:colcon.colcon_core.shell:Creating package script '/home/danya/a1_ros2_foxy_sim/src/install/a1_description/share/a1_description/package.ps1'
[3.610s] INFO:colcon.colcon_core.shell:Creating package descriptor '/home/danya/a1_ros2_foxy_sim/src/install/a1_description/share/a1_description/package.dsv'
[3.611s] INFO:colcon.colcon_core.shell:Creating package script '/home/danya/a1_ros2_foxy_sim/src/install/a1_description/share/a1_description/package.sh'
[3.613s] INFO:colcon.colcon_core.shell:Creating package script '/home/danya/a1_ros2_foxy_sim/src/install/a1_description/share/a1_description/package.bash'
[3.615s] INFO:colcon.colcon_core.shell:Creating package script '/home/danya/a1_ros2_foxy_sim/src/install/a1_description/share/a1_description/package.zsh'
[3.616s] Level 1:colcon.colcon_core.environment:create_file_with_runtime_dependencies(/home/danya/a1_ros2_foxy_sim/src/install/a1_description/share/colcon-core/packages/a1_description)
[3.618s] Level 1:colcon.colcon_core.environment:create_environment_scripts_only(a1_description)
[3.618s] Level 1:colcon.colcon_core.environment:checking '/home/danya/a1_ros2_foxy_sim/src/install/a1_description' for CMake module files
[3.619s] Level 1:colcon.colcon_core.environment:checking '/home/danya/a1_ros2_foxy_sim/src/install/a1_description' for CMake config files
[3.620s] Level 1:colcon.colcon_core.shell:create_environment_hook('a1_description', 'cmake_prefix_path')
[3.620s] INFO:colcon.colcon_core.shell:Creating environment hook '/home/danya/a1_ros2_foxy_sim/src/install/a1_description/share/a1_description/hook/cmake_prefix_path.ps1'
[3.621s] INFO:colcon.colcon_core.shell:Creating environment descriptor '/home/danya/a1_ros2_foxy_sim/src/install/a1_description/share/a1_description/hook/cmake_prefix_path.dsv'
[3.621s] INFO:colcon.colcon_core.shell:Creating environment hook '/home/danya/a1_ros2_foxy_sim/src/install/a1_description/share/a1_description/hook/cmake_prefix_path.sh'
[3.622s] Level 1:colcon.colcon_core.environment:checking '/home/danya/a1_ros2_foxy_sim/src/install/a1_description/bin'
[3.622s] Level 1:colcon.colcon_core.environment:checking '/home/danya/a1_ros2_foxy_sim/src/install/a1_description/lib/pkgconfig/a1_description.pc'
[3.622s] Level 1:colcon.colcon_core.environment:checking '/home/danya/a1_ros2_foxy_sim/src/install/a1_description/lib/python3.8/site-packages'
[3.623s] Level 1:colcon.colcon_core.environment:checking '/home/danya/a1_ros2_foxy_sim/src/install/a1_description/bin'
[3.623s] INFO:colcon.colcon_core.shell:Creating package script '/home/danya/a1_ros2_foxy_sim/src/install/a1_description/share/a1_description/package.ps1'
[3.624s] INFO:colcon.colcon_core.shell:Creating package descriptor '/home/danya/a1_ros2_foxy_sim/src/install/a1_description/share/a1_description/package.dsv'
[3.625s] INFO:colcon.colcon_core.shell:Creating package script '/home/danya/a1_ros2_foxy_sim/src/install/a1_description/share/a1_description/package.sh'
[3.625s] INFO:colcon.colcon_core.shell:Creating package script '/home/danya/a1_ros2_foxy_sim/src/install/a1_description/share/a1_description/package.bash'
[3.626s] INFO:colcon.colcon_core.shell:Creating package script '/home/danya/a1_ros2_foxy_sim/src/install/a1_description/share/a1_description/package.zsh'
[3.626s] Level 1:colcon.colcon_core.environment:create_file_with_runtime_dependencies(/home/danya/a1_ros2_foxy_sim/src/install/a1_description/share/colcon-core/packages/a1_description)
[3.627s] DEBUG:colcon.colcon_parallel_executor.executor.parallel:closing loop
[3.627s] DEBUG:colcon.colcon_parallel_executor.executor.parallel:loop closed
[3.627s] DEBUG:colcon.colcon_parallel_executor.executor.parallel:run_until_complete finished with '0'
[3.627s] DEBUG:colcon.colcon_core.event_reactor:joining thread
[3.662s] INFO:colcon.colcon_core.plugin_system:Skipping extension 'colcon_notification.desktop_notification.terminal_notifier': Not used on non-Darwin systems
[3.662s] INFO:colcon.colcon_core.plugin_system:Skipping extension 'colcon_notification.desktop_notification.win32': Not used on non-Windows systems
[3.662s] INFO:colcon.colcon_notification.desktop_notification:Sending desktop notification using 'notify2'
[3.694s] DEBUG:colcon.colcon_core.event_reactor:joined thread
[3.695s] INFO:colcon.colcon_core.shell:Creating prefix script '/home/danya/a1_ros2_foxy_sim/src/install/local_setup.ps1'
[3.698s] INFO:colcon.colcon_core.shell:Creating prefix util module '/home/danya/a1_ros2_foxy_sim/src/install/_local_setup_util_ps1.py'
[3.702s] INFO:colcon.colcon_core.shell:Creating prefix chain script '/home/danya/a1_ros2_foxy_sim/src/install/setup.ps1'
[3.704s] INFO:colcon.colcon_core.shell:Creating prefix script '/home/danya/a1_ros2_foxy_sim/src/install/local_setup.sh'
[3.706s] INFO:colcon.colcon_core.shell:Creating prefix util module '/home/danya/a1_ros2_foxy_sim/src/install/_local_setup_util_sh.py'
[3.707s] INFO:colcon.colcon_core.shell:Creating prefix chain script '/home/danya/a1_ros2_foxy_sim/src/install/setup.sh'
[3.710s] INFO:colcon.colcon_core.shell:Creating prefix script '/home/danya/a1_ros2_foxy_sim/src/install/local_setup.bash'
[3.711s] INFO:colcon.colcon_core.shell:Creating prefix chain script '/home/danya/a1_ros2_foxy_sim/src/install/setup.bash'
[3.713s] INFO:colcon.colcon_core.shell:Creating prefix script '/home/danya/a1_ros2_foxy_sim/src/install/local_setup.zsh'
[3.714s] INFO:colcon.colcon_core.shell:Creating prefix chain script '/home/danya/a1_ros2_foxy_sim/src/install/setup.zsh'
