-- The C compiler identification is GNU 9.4.0
-- The CXX compiler identification is GNU 9.4.0
-- Check for working C compiler: /usr/bin/cc
-- Check for working C compiler: /usr/bin/cc -- works
-- Detecting C compiler ABI info
-- Detecting C compiler ABI info - done
-- Detecting C compile features
-- Detecting C compile features - done
-- Check for working CXX compiler: /usr/bin/c++
-- Check for working CXX compiler: /usr/bin/c++ -- works
-- Detecting CXX compiler ABI info
-- Detecting CXX compiler ABI info - done
-- Detecting CXX compile features
-- Detecting CXX compile features - done
-- Found ament_cmake: 0.9.12 (/opt/ros/foxy/share/ament_cmake/cmake)
-- Found PythonInterp: /usr/bin/python3 (found suitable version "3.8.10", minimum required is "3") 
-- Using PYTHON_EXECUTABLE: /usr/bin/python3
-- Found hardware_interface: 0.11.0 (/opt/ros/foxy/share/hardware_interface/cmake)
-- Using all available rosidl_typesupport_c: rosidl_typesupport_fastrtps_c;rosidl_typesupport_introspection_c
-- Found rosidl_adapter: 1.3.1 (/opt/ros/foxy/share/rosidl_adapter/cmake)
-- Found OpenSSL: /usr/lib/x86_64-linux-gnu/libcrypto.so (found version "1.1.1f")  
-- Found FastRTPS: /opt/ros/foxy/include  
-- Using all available rosidl_typesupport_cpp: rosidl_typesupport_fastrtps_cpp;rosidl_typesupport_introspection_cpp
-- Found control_input_msgs: 0.0.0 (/home/danya/a1_ros2_foxy_sim/src/install/control_input_msgs/share/control_input_msgs/cmake)
-- Found rclcpp: 2.4.3 (/opt/ros/foxy/share/rclcpp/cmake)
-- Found rmw_implementation_cmake: 1.0.4 (/opt/ros/foxy/share/rmw_implementation_cmake/cmake)
-- Using RMW implementation 'rmw_fastrtps_cpp' as default
-- Looking for pthread.h
-- Looking for pthread.h - found
-- Performing Test CMAKE_HAVE_LIBC_PTHREAD
-- Performing Test CMAKE_HAVE_LIBC_PTHREAD - Failed
-- Looking for pthread_create in pthreads
-- Looking for pthread_create in pthreads - not found
-- Looking for pthread_create in pthread
-- Looking for pthread_create in pthread - found
-- Found Threads: TRUE  
-- Configuring done
-- Generating done
-- Build files have been written to: /home/danya/a1_ros2_foxy_sim/src/build/controller_common
[35m[1mScanning dependencies of target controller_common[0m
[ 25%] [32mBuilding CXX object CMakeFiles/controller_common.dir/src/FSM/StatePassive.cpp.o[0m
[ 75%] [32mBuilding CXX object CMakeFiles/controller_common.dir/src/FSM/StateFixedDown.cpp.o[0m
[ 75%] [32mBuilding CXX object CMakeFiles/controller_common.dir/src/FSM/BaseFixedStand.cpp.o[0m
[100%] [32m[1mLinking CXX shared library libcontroller_common.so[0m
[100%] Built target controller_common
-- Install configuration: "Release"
-- Installing: /home/danya/a1_ros2_foxy_sim/src/install/controller_common/include/controller_common
-- Installing: /home/danya/a1_ros2_foxy_sim/src/install/controller_common/include/controller_common/controller_common
-- Installing: /home/danya/a1_ros2_foxy_sim/src/install/controller_common/include/controller_common/controller_common/common
-- Installing: /home/danya/a1_ros2_foxy_sim/src/install/controller_common/include/controller_common/controller_common/common/enumClass.h
-- Installing: /home/danya/a1_ros2_foxy_sim/src/install/controller_common/include/controller_common/controller_common/common/mathTools.h
-- Installing: /home/danya/a1_ros2_foxy_sim/src/install/controller_common/include/controller_common/controller_common/common/mathTypes.h
-- Installing: /home/danya/a1_ros2_foxy_sim/src/install/controller_common/include/controller_common/controller_common/FSM
-- Installing: /home/danya/a1_ros2_foxy_sim/src/install/controller_common/include/controller_common/controller_common/FSM/StateFixedDown.h
-- Installing: /home/danya/a1_ros2_foxy_sim/src/install/controller_common/include/controller_common/controller_common/FSM/BaseFixedStand.h
-- Installing: /home/danya/a1_ros2_foxy_sim/src/install/controller_common/include/controller_common/controller_common/FSM/FSMState.h
-- Installing: /home/danya/a1_ros2_foxy_sim/src/install/controller_common/include/controller_common/controller_common/FSM/StatePassive.h
-- Installing: /home/danya/a1_ros2_foxy_sim/src/install/controller_common/include/controller_common/controller_common/CtrlInterfaces.h
-- Installing: /home/danya/a1_ros2_foxy_sim/src/install/controller_common/lib/libcontroller_common.so
-- Set runtime path of "/home/danya/a1_ros2_foxy_sim/src/install/controller_common/lib/libcontroller_common.so" to ""
-- Installing: /home/danya/a1_ros2_foxy_sim/src/install/controller_common/share/controller_common/environment/library_path.sh
-- Installing: /home/danya/a1_ros2_foxy_sim/src/install/controller_common/share/controller_common/environment/library_path.dsv
-- Installing: /home/danya/a1_ros2_foxy_sim/src/install/controller_common/share/ament_index/resource_index/package_run_dependencies/controller_common
-- Installing: /home/danya/a1_ros2_foxy_sim/src/install/controller_common/share/ament_index/resource_index/parent_prefix_path/controller_common
-- Installing: /home/danya/a1_ros2_foxy_sim/src/install/controller_common/share/controller_common/environment/ament_prefix_path.sh
-- Installing: /home/danya/a1_ros2_foxy_sim/src/install/controller_common/share/controller_common/environment/ament_prefix_path.dsv
-- Installing: /home/danya/a1_ros2_foxy_sim/src/install/controller_common/share/controller_common/environment/path.sh
-- Installing: /home/danya/a1_ros2_foxy_sim/src/install/controller_common/share/controller_common/environment/path.dsv
-- Installing: /home/danya/a1_ros2_foxy_sim/src/install/controller_common/share/controller_common/local_setup.bash
-- Installing: /home/danya/a1_ros2_foxy_sim/src/install/controller_common/share/controller_common/local_setup.sh
-- Installing: /home/danya/a1_ros2_foxy_sim/src/install/controller_common/share/controller_common/local_setup.zsh
-- Installing: /home/danya/a1_ros2_foxy_sim/src/install/controller_common/share/controller_common/local_setup.dsv
-- Installing: /home/danya/a1_ros2_foxy_sim/src/install/controller_common/share/controller_common/package.dsv
-- Installing: /home/danya/a1_ros2_foxy_sim/src/install/controller_common/share/ament_index/resource_index/packages/controller_common
-- Installing: /home/danya/a1_ros2_foxy_sim/src/install/controller_common/share/controller_common/cmake/export_controller_commonExport.cmake
-- Installing: /home/danya/a1_ros2_foxy_sim/src/install/controller_common/share/controller_common/cmake/export_controller_commonExport-release.cmake
-- Installing: /home/danya/a1_ros2_foxy_sim/src/install/controller_common/share/controller_common/cmake/ament_cmake_export_targets-extras.cmake
-- Installing: /home/danya/a1_ros2_foxy_sim/src/install/controller_common/share/controller_common/cmake/controller_commonConfig.cmake
-- Installing: /home/danya/a1_ros2_foxy_sim/src/install/controller_common/share/controller_common/cmake/controller_commonConfig-version.cmake
-- Installing: /home/danya/a1_ros2_foxy_sim/src/install/controller_common/share/controller_common/package.xml
