[0.036s] Invoking command in '/home/danya/a1_ros2_foxy_sim/src/build/control_input_msgs': CMAKE_PREFIX_PATH=/opt/ros/foxy /usr/bin/cmake /home/danya/a1_ros2_foxy_sim/src/quadruped_ros2_control/commands/control_input_msgs -DCMAKE_INSTALL_PREFIX=/home/danya/a1_ros2_foxy_sim/src/install/control_input_msgs
[0.168s] -- The C compiler identification is GNU 9.4.0
[0.275s] -- The CXX compiler identification is GNU 9.4.0
[0.284s] -- Check for working C compiler: /usr/bin/cc
[0.442s] -- Check for working C compiler: /usr/bin/cc -- works
[0.443s] -- Detecting C compiler ABI info
[0.613s] -- Detecting C compiler ABI info - done
[0.635s] -- Detecting C compile features
[0.635s] -- Detecting C compile features - done
[0.640s] -- Check for working CXX compiler: /usr/bin/c++
[0.817s] -- Check for working CXX compiler: /usr/bin/c++ -- works
[0.820s] -- Detecting CXX compiler ABI info
[1.005s] -- Detecting CXX compiler ABI info - done
[1.028s] -- Detecting CXX compile features
[1.029s] -- Detecting CXX compile features - done
[1.042s] -- Found rosidl_default_generators: 1.0.1 (/opt/ros/foxy/share/rosidl_default_generators/cmake)
[1.046s] -- Found ament_cmake_core: 0.9.12 (/opt/ros/foxy/share/ament_cmake_core/cmake)
[1.090s] -- Found PythonInterp: /usr/bin/python3 (found suitable version "3.8.10", minimum required is "3") 
[1.090s] -- Using PYTHON_EXECUTABLE: /usr/bin/python3
[1.442s] -- Using all available rosidl_typesupport_c: rosidl_typesupport_fastrtps_c;rosidl_typesupport_introspection_c
[1.460s] -- Found rosidl_adapter: 1.3.1 (/opt/ros/foxy/share/rosidl_adapter/cmake)
[1.802s] -- Found OpenSSL: /usr/lib/x86_64-linux-gnu/libcrypto.so (found version "1.1.1f")  
[1.867s] -- Found FastRTPS: /opt/ros/foxy/include  
[2.035s] -- Using all available rosidl_typesupport_cpp: rosidl_typesupport_fastrtps_cpp;rosidl_typesupport_introspection_cpp
[2.129s] -- Found PythonInterp: /usr/bin/python3 (found version "3.8.10") 
[2.352s] -- Found ament_cmake_ros: 0.9.2 (/opt/ros/foxy/share/ament_cmake_ros/cmake)
[2.566s] -- Using all available rosidl_typesupport_c: rosidl_typesupport_fastrtps_c;rosidl_typesupport_introspection_c
[2.579s] -- Using all available rosidl_typesupport_cpp: rosidl_typesupport_fastrtps_cpp;rosidl_typesupport_introspection_cpp
[2.625s] -- Found PythonInterp: /usr/bin/python3 (found suitable version "3.8.10", minimum required is "3.5") 
[2.630s] -- Found python_cmake_module: 0.8.1 (/opt/ros/foxy/share/python_cmake_module/cmake)
[2.687s] -- Found PythonLibs: /usr/lib/x86_64-linux-gnu/libpython3.8.so (found suitable version "3.8.10", minimum required is "3.5") 
[2.687s] -- Using PYTHON_EXECUTABLE: /usr/bin/python3
[2.687s] -- Using PYTHON_INCLUDE_DIRS: /usr/include/python3.8
[2.688s] -- Using PYTHON_LIBRARIES: /usr/lib/x86_64-linux-gnu/libpython3.8.so
[2.729s] -- Found PythonExtra: .so  
[3.004s] -- Configuring done
[3.060s] -- Generating done
[3.078s] -- Build files have been written to: /home/danya/a1_ros2_foxy_sim/src/build/control_input_msgs
[3.092s] Invoked command in '/home/danya/a1_ros2_foxy_sim/src/build/control_input_msgs' returned '0': CMAKE_PREFIX_PATH=/opt/ros/foxy /usr/bin/cmake /home/danya/a1_ros2_foxy_sim/src/quadruped_ros2_control/commands/control_input_msgs -DCMAKE_INSTALL_PREFIX=/home/danya/a1_ros2_foxy_sim/src/install/control_input_msgs
[3.101s] Invoking command in '/home/danya/a1_ros2_foxy_sim/src/build/control_input_msgs': CMAKE_PREFIX_PATH=/opt/ros/foxy /usr/bin/cmake --build /home/danya/a1_ros2_foxy_sim/src/build/control_input_msgs -- -j8 -l8
[3.192s] [  3%] [34m[1mGenerating C code for ROS interfaces[0m
[3.192s] [35m[1mScanning dependencies of target control_input_msgs__cpp[0m
[3.219s] [  6%] [34m[1mGenerating C++ code for ROS interfaces[0m
[3.618s] [  6%] Built target control_input_msgs__cpp
[3.623s] [35m[1mScanning dependencies of target control_input_msgs__rosidl_generator_c[0m
[3.640s] [ 12%] [34m[1mGenerating C++ introspection for ROS interfaces[0m
[3.640s] [ 12%] [34m[1mGenerating C++ type support for eProsima Fast-RTPS[0m
[3.640s] [ 16%] [34m[1mGenerating C++ type support dispatch for ROS interfaces[0m
[3.651s] [ 19%] [32mBuilding C object CMakeFiles/control_input_msgs__rosidl_generator_c.dir/rosidl_generator_c/control_input_msgs/msg/detail/inputs__functions.c.o[0m
[3.759s] [ 22%] [32m[1mLinking C shared library libcontrol_input_msgs__rosidl_generator_c.so[0m
[3.831s] [ 22%] Built target control_input_msgs__rosidl_generator_c
[3.855s] [ 29%] [34m[1mGenerating C introspection for ROS interfaces[0m
[3.855s] [ 29%] [34m[1mGenerating C type support dispatch for ROS interfaces[0m
[4.008s] [35m[1mScanning dependencies of target control_input_msgs__rosidl_typesupport_cpp[0m
[4.037s] [35m[1mScanning dependencies of target control_input_msgs__rosidl_typesupport_introspection_cpp[0m
[4.039s] [ 32%] [32mBuilding CXX object CMakeFiles/control_input_msgs__rosidl_typesupport_cpp.dir/rosidl_typesupport_cpp/control_input_msgs/msg/inputs__type_support.cpp.o[0m
[4.063s] [ 35%] [32mBuilding CXX object CMakeFiles/control_input_msgs__rosidl_typesupport_introspection_cpp.dir/rosidl_typesupport_introspection_cpp/control_input_msgs/msg/detail/inputs__type_support.cpp.o[0m
[4.141s] [35m[1mScanning dependencies of target control_input_msgs__rosidl_typesupport_fastrtps_cpp[0m
[4.180s] [ 38%] [32mBuilding CXX object CMakeFiles/control_input_msgs__rosidl_typesupport_fastrtps_cpp.dir/rosidl_typesupport_fastrtps_cpp/control_input_msgs/msg/detail/dds_fastrtps/inputs__type_support.cpp.o[0m
[4.232s] [35m[1mScanning dependencies of target control_input_msgs__rosidl_typesupport_c[0m
[4.257s] [ 41%] [32mBuilding CXX object CMakeFiles/control_input_msgs__rosidl_typesupport_c.dir/rosidl_typesupport_c/control_input_msgs/msg/inputs__type_support.cpp.o[0m
[4.333s] [ 45%] [32m[1mLinking CXX shared library libcontrol_input_msgs__rosidl_typesupport_c.so[0m
[4.422s] [ 45%] Built target control_input_msgs__rosidl_typesupport_c
[4.436s] [35m[1mScanning dependencies of target control_input_msgs__rosidl_typesupport_introspection_c[0m
[4.462s] [ 48%] [32mBuilding C object CMakeFiles/control_input_msgs__rosidl_typesupport_introspection_c.dir/rosidl_typesupport_introspection_c/control_input_msgs/msg/detail/inputs__type_support.c.o[0m
[4.530s] [ 51%] [32m[1mLinking C shared library libcontrol_input_msgs__rosidl_typesupport_introspection_c.so[0m
[4.596s] [ 51%] Built target control_input_msgs__rosidl_typesupport_introspection_c
[4.612s] [ 54%] [32m[1mLinking CXX shared library libcontrol_input_msgs__rosidl_typesupport_cpp.so[0m
[4.695s] [ 58%] [32m[1mLinking CXX shared library libcontrol_input_msgs__rosidl_typesupport_introspection_cpp.so[0m
[4.696s] [ 58%] Built target control_input_msgs__rosidl_typesupport_cpp
[4.781s] [ 58%] Built target control_input_msgs__rosidl_typesupport_introspection_cpp
[4.972s] [ 61%] [32m[1mLinking CXX shared library libcontrol_input_msgs__rosidl_typesupport_fastrtps_cpp.so[0m
[5.161s] [ 61%] Built target control_input_msgs__rosidl_typesupport_fastrtps_cpp
[5.188s] [ 64%] [34m[1mGenerating C type support for eProsima Fast-RTPS[0m
[5.567s] [35m[1mScanning dependencies of target control_input_msgs__rosidl_typesupport_fastrtps_c[0m
[5.601s] [ 67%] [32mBuilding CXX object CMakeFiles/control_input_msgs__rosidl_typesupport_fastrtps_c.dir/rosidl_typesupport_fastrtps_c/control_input_msgs/msg/detail/inputs__type_support_c.cpp.o[0m
[6.208s] [ 70%] [32m[1mLinking CXX shared library libcontrol_input_msgs__rosidl_typesupport_fastrtps_c.so[0m
[6.396s] [ 70%] Built target control_input_msgs__rosidl_typesupport_fastrtps_c
[6.421s] [35m[1mScanning dependencies of target control_input_msgs[0m
[6.448s] [ 70%] Built target control_input_msgs
[6.474s] [35m[1mScanning dependencies of target control_input_msgs__py[0m
[6.502s] [ 74%] [34m[1mGenerating Python code for ROS interfaces[0m
[7.129s] [ 74%] Built target control_input_msgs__py
[7.155s] [35m[1mScanning dependencies of target control_input_msgs__python[0m
[7.215s] [ 77%] [32mBuilding C object CMakeFiles/control_input_msgs__python.dir/rosidl_generator_py/control_input_msgs/msg/_inputs_s.c.o[0m
[7.399s] [ 80%] [32m[1mLinking C shared library rosidl_generator_py/control_input_msgs/libcontrol_input_msgs__python.so[0m
[7.493s] [ 80%] Built target control_input_msgs__python
[7.516s] [35m[1mScanning dependencies of target control_input_msgs__rosidl_typesupport_c__pyext[0m
[7.516s] [35m[1mScanning dependencies of target control_input_msgs__rosidl_typesupport_fastrtps_c__pyext[0m
[7.516s] [35m[1mScanning dependencies of target control_input_msgs__rosidl_typesupport_introspection_c__pyext[0m
[7.553s] [ 87%] [32mBuilding C object CMakeFiles/control_input_msgs__rosidl_typesupport_fastrtps_c__pyext.dir/rosidl_generator_py/control_input_msgs/_control_input_msgs_s.ep.rosidl_typesupport_fastrtps_c.c.o[0m
[7.553s] [ 87%] [32mBuilding C object CMakeFiles/control_input_msgs__rosidl_typesupport_c__pyext.dir/rosidl_generator_py/control_input_msgs/_control_input_msgs_s.ep.rosidl_typesupport_c.c.o[0m
[7.555s] [ 90%] [32mBuilding C object CMakeFiles/control_input_msgs__rosidl_typesupport_introspection_c__pyext.dir/rosidl_generator_py/control_input_msgs/_control_input_msgs_s.ep.rosidl_typesupport_introspection_c.c.o[0m
[7.700s] [ 93%] [32m[1mLinking C shared library rosidl_generator_py/control_input_msgs/control_input_msgs_s__rosidl_typesupport_introspection_c.cpython-38-x86_64-linux-gnu.so[0m
[7.710s] [ 96%] [32m[1mLinking CXX shared library rosidl_generator_py/control_input_msgs/control_input_msgs_s__rosidl_typesupport_fastrtps_c.cpython-38-x86_64-linux-gnu.so[0m
[7.717s] [100%] [32m[1mLinking C shared library rosidl_generator_py/control_input_msgs/control_input_msgs_s__rosidl_typesupport_c.cpython-38-x86_64-linux-gnu.so[0m
[7.771s] [100%] Built target control_input_msgs__rosidl_typesupport_introspection_c__pyext
[7.788s] [100%] Built target control_input_msgs__rosidl_typesupport_c__pyext
[7.844s] [100%] Built target control_input_msgs__rosidl_typesupport_fastrtps_c__pyext
[7.878s] Invoked command in '/home/danya/a1_ros2_foxy_sim/src/build/control_input_msgs' returned '0': CMAKE_PREFIX_PATH=/opt/ros/foxy /usr/bin/cmake --build /home/danya/a1_ros2_foxy_sim/src/build/control_input_msgs -- -j8 -l8
[7.911s] Invoking command in '/home/danya/a1_ros2_foxy_sim/src/build/control_input_msgs': CMAKE_PREFIX_PATH=/opt/ros/foxy /usr/bin/cmake --install /home/danya/a1_ros2_foxy_sim/src/build/control_input_msgs
[7.930s] -- Install configuration: ""
[7.930s] -- Installing: /home/danya/a1_ros2_foxy_sim/src/install/control_input_msgs/share/ament_index/resource_index/rosidl_interfaces/control_input_msgs
[7.931s] -- Installing: /home/danya/a1_ros2_foxy_sim/src/install/control_input_msgs/include/control_input_msgs
[7.931s] -- Installing: /home/danya/a1_ros2_foxy_sim/src/install/control_input_msgs/include/control_input_msgs/msg
[7.932s] -- Installing: /home/danya/a1_ros2_foxy_sim/src/install/control_input_msgs/include/control_input_msgs/msg/rosidl_generator_c__visibility_control.h
[7.932s] -- Installing: /home/danya/a1_ros2_foxy_sim/src/install/control_input_msgs/include/control_input_msgs/msg/inputs.h
[7.932s] -- Installing: /home/danya/a1_ros2_foxy_sim/src/install/control_input_msgs/include/control_input_msgs/msg/detail
[7.932s] -- Installing: /home/danya/a1_ros2_foxy_sim/src/install/control_input_msgs/include/control_input_msgs/msg/detail/inputs__functions.h
[7.933s] -- Installing: /home/danya/a1_ros2_foxy_sim/src/install/control_input_msgs/include/control_input_msgs/msg/detail/inputs__type_support.h
[7.933s] -- Installing: /home/danya/a1_ros2_foxy_sim/src/install/control_input_msgs/include/control_input_msgs/msg/detail/inputs__functions.c
[7.933s] -- Installing: /home/danya/a1_ros2_foxy_sim/src/install/control_input_msgs/include/control_input_msgs/msg/detail/inputs__struct.h
[7.933s] -- Installing: /home/danya/a1_ros2_foxy_sim/src/install/control_input_msgs/share/control_input_msgs/environment/library_path.sh
[7.934s] -- Installing: /home/danya/a1_ros2_foxy_sim/src/install/control_input_msgs/share/control_input_msgs/environment/library_path.dsv
[7.934s] -- Installing: /home/danya/a1_ros2_foxy_sim/src/install/control_input_msgs/lib/libcontrol_input_msgs__rosidl_generator_c.so
[7.934s] -- Set runtime path of "/home/danya/a1_ros2_foxy_sim/src/install/control_input_msgs/lib/libcontrol_input_msgs__rosidl_generator_c.so" to ""
[7.935s] -- Up-to-date: /home/danya/a1_ros2_foxy_sim/src/install/control_input_msgs/include/control_input_msgs
[7.935s] -- Up-to-date: /home/danya/a1_ros2_foxy_sim/src/install/control_input_msgs/include/control_input_msgs/msg
[7.935s] -- Installing: /home/danya/a1_ros2_foxy_sim/src/install/control_input_msgs/include/control_input_msgs/msg/rosidl_typesupport_fastrtps_c__visibility_control.h
[7.935s] -- Up-to-date: /home/danya/a1_ros2_foxy_sim/src/install/control_input_msgs/include/control_input_msgs/msg/detail
[7.935s] -- Installing: /home/danya/a1_ros2_foxy_sim/src/install/control_input_msgs/include/control_input_msgs/msg/detail/inputs__rosidl_typesupport_fastrtps_c.h
[7.936s] -- Installing: /home/danya/a1_ros2_foxy_sim/src/install/control_input_msgs/lib/libcontrol_input_msgs__rosidl_typesupport_fastrtps_c.so
[7.936s] -- Set runtime path of "/home/danya/a1_ros2_foxy_sim/src/install/control_input_msgs/lib/libcontrol_input_msgs__rosidl_typesupport_fastrtps_c.so" to ""
[7.936s] -- Up-to-date: /home/danya/a1_ros2_foxy_sim/src/install/control_input_msgs/include/control_input_msgs
[7.937s] -- Up-to-date: /home/danya/a1_ros2_foxy_sim/src/install/control_input_msgs/include/control_input_msgs/msg
[7.937s] -- Installing: /home/danya/a1_ros2_foxy_sim/src/install/control_input_msgs/include/control_input_msgs/msg/rosidl_typesupport_fastrtps_cpp__visibility_control.h
[7.937s] -- Up-to-date: /home/danya/a1_ros2_foxy_sim/src/install/control_input_msgs/include/control_input_msgs/msg/detail
[7.937s] -- Installing: /home/danya/a1_ros2_foxy_sim/src/install/control_input_msgs/include/control_input_msgs/msg/detail/dds_fastrtps
[7.938s] -- Installing: /home/danya/a1_ros2_foxy_sim/src/install/control_input_msgs/include/control_input_msgs/msg/detail/inputs__rosidl_typesupport_fastrtps_cpp.hpp
[7.938s] -- Installing: /home/danya/a1_ros2_foxy_sim/src/install/control_input_msgs/lib/libcontrol_input_msgs__rosidl_typesupport_fastrtps_cpp.so
[7.938s] -- Set runtime path of "/home/danya/a1_ros2_foxy_sim/src/install/control_input_msgs/lib/libcontrol_input_msgs__rosidl_typesupport_fastrtps_cpp.so" to ""
[7.939s] -- Up-to-date: /home/danya/a1_ros2_foxy_sim/src/install/control_input_msgs/include/control_input_msgs
[7.939s] -- Up-to-date: /home/danya/a1_ros2_foxy_sim/src/install/control_input_msgs/include/control_input_msgs/msg
[7.939s] -- Installing: /home/danya/a1_ros2_foxy_sim/src/install/control_input_msgs/include/control_input_msgs/msg/rosidl_typesupport_introspection_c__visibility_control.h
[7.939s] -- Up-to-date: /home/danya/a1_ros2_foxy_sim/src/install/control_input_msgs/include/control_input_msgs/msg/detail
[7.940s] -- Installing: /home/danya/a1_ros2_foxy_sim/src/install/control_input_msgs/include/control_input_msgs/msg/detail/inputs__type_support.c
[7.940s] -- Installing: /home/danya/a1_ros2_foxy_sim/src/install/control_input_msgs/include/control_input_msgs/msg/detail/inputs__rosidl_typesupport_introspection_c.h
[7.940s] -- Installing: /home/danya/a1_ros2_foxy_sim/src/install/control_input_msgs/lib/libcontrol_input_msgs__rosidl_typesupport_introspection_c.so
[7.940s] -- Set runtime path of "/home/danya/a1_ros2_foxy_sim/src/install/control_input_msgs/lib/libcontrol_input_msgs__rosidl_typesupport_introspection_c.so" to ""
[7.940s] -- Installing: /home/danya/a1_ros2_foxy_sim/src/install/control_input_msgs/lib/libcontrol_input_msgs__rosidl_typesupport_c.so
[7.941s] -- Set runtime path of "/home/danya/a1_ros2_foxy_sim/src/install/control_input_msgs/lib/libcontrol_input_msgs__rosidl_typesupport_c.so" to ""
[7.941s] -- Up-to-date: /home/danya/a1_ros2_foxy_sim/src/install/control_input_msgs/include/control_input_msgs
[7.941s] -- Up-to-date: /home/danya/a1_ros2_foxy_sim/src/install/control_input_msgs/include/control_input_msgs/msg
[7.941s] -- Installing: /home/danya/a1_ros2_foxy_sim/src/install/control_input_msgs/include/control_input_msgs/msg/rosidl_generator_cpp__visibility_control.hpp
[7.942s] -- Installing: /home/danya/a1_ros2_foxy_sim/src/install/control_input_msgs/include/control_input_msgs/msg/inputs.hpp
[7.942s] -- Up-to-date: /home/danya/a1_ros2_foxy_sim/src/install/control_input_msgs/include/control_input_msgs/msg/detail
[7.942s] -- Installing: /home/danya/a1_ros2_foxy_sim/src/install/control_input_msgs/include/control_input_msgs/msg/detail/inputs__struct.hpp
[7.942s] -- Installing: /home/danya/a1_ros2_foxy_sim/src/install/control_input_msgs/include/control_input_msgs/msg/detail/inputs__traits.hpp
[7.942s] -- Installing: /home/danya/a1_ros2_foxy_sim/src/install/control_input_msgs/include/control_input_msgs/msg/detail/inputs__builder.hpp
[7.943s] -- Installing: /home/danya/a1_ros2_foxy_sim/src/install/control_input_msgs/include/control_input_msgs/msg/detail/inputs__type_support.hpp
[7.943s] -- Up-to-date: /home/danya/a1_ros2_foxy_sim/src/install/control_input_msgs/include/control_input_msgs
[7.943s] -- Up-to-date: /home/danya/a1_ros2_foxy_sim/src/install/control_input_msgs/include/control_input_msgs/msg
[7.943s] -- Up-to-date: /home/danya/a1_ros2_foxy_sim/src/install/control_input_msgs/include/control_input_msgs/msg/detail
[7.944s] -- Installing: /home/danya/a1_ros2_foxy_sim/src/install/control_input_msgs/include/control_input_msgs/msg/detail/inputs__rosidl_typesupport_introspection_cpp.hpp
[7.944s] -- Installing: /home/danya/a1_ros2_foxy_sim/src/install/control_input_msgs/include/control_input_msgs/msg/detail/inputs__type_support.cpp
[7.944s] -- Installing: /home/danya/a1_ros2_foxy_sim/src/install/control_input_msgs/lib/libcontrol_input_msgs__rosidl_typesupport_introspection_cpp.so
[7.944s] -- Set runtime path of "/home/danya/a1_ros2_foxy_sim/src/install/control_input_msgs/lib/libcontrol_input_msgs__rosidl_typesupport_introspection_cpp.so" to ""
[7.944s] -- Installing: /home/danya/a1_ros2_foxy_sim/src/install/control_input_msgs/lib/libcontrol_input_msgs__rosidl_typesupport_cpp.so
[7.945s] -- Set runtime path of "/home/danya/a1_ros2_foxy_sim/src/install/control_input_msgs/lib/libcontrol_input_msgs__rosidl_typesupport_cpp.so" to ""
[7.945s] -- Installing: /home/danya/a1_ros2_foxy_sim/src/install/control_input_msgs/share/control_input_msgs/environment/pythonpath.sh
[7.945s] -- Installing: /home/danya/a1_ros2_foxy_sim/src/install/control_input_msgs/share/control_input_msgs/environment/pythonpath.dsv
[7.945s] -- Installing: /home/danya/a1_ros2_foxy_sim/src/install/control_input_msgs/lib/python3.8/site-packages/control_input_msgs/__init__.py
[8.014s] Compiling '/home/danya/a1_ros2_foxy_sim/src/install/control_input_msgs/lib/python3.8/site-packages/control_input_msgs/__init__.py'...
[8.022s] -- Installing: /home/danya/a1_ros2_foxy_sim/src/install/control_input_msgs/lib/python3.8/site-packages/control_input_msgs/msg
[8.022s] -- Installing: /home/danya/a1_ros2_foxy_sim/src/install/control_input_msgs/lib/python3.8/site-packages/control_input_msgs/msg/__init__.py
[8.022s] -- Installing: /home/danya/a1_ros2_foxy_sim/src/install/control_input_msgs/lib/python3.8/site-packages/control_input_msgs/msg/_inputs_s.c
[8.023s] -- Installing: /home/danya/a1_ros2_foxy_sim/src/install/control_input_msgs/lib/python3.8/site-packages/control_input_msgs/msg/_inputs.py
[8.023s] -- Installing: /home/danya/a1_ros2_foxy_sim/src/install/control_input_msgs/lib/python3.8/site-packages/control_input_msgs/control_input_msgs_s__rosidl_typesupport_fastrtps_c.cpython-38-x86_64-linux-gnu.so
[8.025s] -- Set runtime path of "/home/danya/a1_ros2_foxy_sim/src/install/control_input_msgs/lib/python3.8/site-packages/control_input_msgs/control_input_msgs_s__rosidl_typesupport_fastrtps_c.cpython-38-x86_64-linux-gnu.so" to ""
[8.026s] -- Installing: /home/danya/a1_ros2_foxy_sim/src/install/control_input_msgs/lib/python3.8/site-packages/control_input_msgs/control_input_msgs_s__rosidl_typesupport_introspection_c.cpython-38-x86_64-linux-gnu.so
[8.028s] -- Set runtime path of "/home/danya/a1_ros2_foxy_sim/src/install/control_input_msgs/lib/python3.8/site-packages/control_input_msgs/control_input_msgs_s__rosidl_typesupport_introspection_c.cpython-38-x86_64-linux-gnu.so" to ""
[8.028s] -- Installing: /home/danya/a1_ros2_foxy_sim/src/install/control_input_msgs/lib/python3.8/site-packages/control_input_msgs/control_input_msgs_s__rosidl_typesupport_c.cpython-38-x86_64-linux-gnu.so
[8.030s] -- Set runtime path of "/home/danya/a1_ros2_foxy_sim/src/install/control_input_msgs/lib/python3.8/site-packages/control_input_msgs/control_input_msgs_s__rosidl_typesupport_c.cpython-38-x86_64-linux-gnu.so" to ""
[8.030s] -- Installing: /home/danya/a1_ros2_foxy_sim/src/install/control_input_msgs/lib/libcontrol_input_msgs__python.so
[8.031s] -- Set runtime path of "/home/danya/a1_ros2_foxy_sim/src/install/control_input_msgs/lib/libcontrol_input_msgs__python.so" to ""
[8.031s] -- Installing: /home/danya/a1_ros2_foxy_sim/src/install/control_input_msgs/share/control_input_msgs/msg/Inputs.idl
[8.032s] -- Installing: /home/danya/a1_ros2_foxy_sim/src/install/control_input_msgs/share/control_input_msgs/msg/Inputs.msg
[8.032s] -- Installing: /home/danya/a1_ros2_foxy_sim/src/install/control_input_msgs/share/ament_index/resource_index/package_run_dependencies/control_input_msgs
[8.032s] -- Installing: /home/danya/a1_ros2_foxy_sim/src/install/control_input_msgs/share/ament_index/resource_index/parent_prefix_path/control_input_msgs
[8.033s] -- Installing: /home/danya/a1_ros2_foxy_sim/src/install/control_input_msgs/share/control_input_msgs/environment/ament_prefix_path.sh
[8.033s] -- Installing: /home/danya/a1_ros2_foxy_sim/src/install/control_input_msgs/share/control_input_msgs/environment/ament_prefix_path.dsv
[8.034s] -- Installing: /home/danya/a1_ros2_foxy_sim/src/install/control_input_msgs/share/control_input_msgs/environment/path.sh
[8.034s] -- Installing: /home/danya/a1_ros2_foxy_sim/src/install/control_input_msgs/share/control_input_msgs/environment/path.dsv
[8.035s] -- Installing: /home/danya/a1_ros2_foxy_sim/src/install/control_input_msgs/share/control_input_msgs/local_setup.bash
[8.035s] -- Installing: /home/danya/a1_ros2_foxy_sim/src/install/control_input_msgs/share/control_input_msgs/local_setup.sh
[8.035s] -- Installing: /home/danya/a1_ros2_foxy_sim/src/install/control_input_msgs/share/control_input_msgs/local_setup.zsh
[8.036s] -- Installing: /home/danya/a1_ros2_foxy_sim/src/install/control_input_msgs/share/control_input_msgs/local_setup.dsv
[8.036s] -- Installing: /home/danya/a1_ros2_foxy_sim/src/install/control_input_msgs/share/control_input_msgs/package.dsv
[8.037s] -- Installing: /home/danya/a1_ros2_foxy_sim/src/install/control_input_msgs/share/ament_index/resource_index/packages/control_input_msgs
[8.037s] -- Installing: /home/danya/a1_ros2_foxy_sim/src/install/control_input_msgs/share/control_input_msgs/cmake/control_input_msgs__rosidl_generator_cExport.cmake
[8.038s] -- Installing: /home/danya/a1_ros2_foxy_sim/src/install/control_input_msgs/share/control_input_msgs/cmake/control_input_msgs__rosidl_generator_cExport-noconfig.cmake
[8.039s] -- Installing: /home/danya/a1_ros2_foxy_sim/src/install/control_input_msgs/share/control_input_msgs/cmake/control_input_msgs__rosidl_typesupport_introspection_cExport.cmake
[8.039s] -- Installing: /home/danya/a1_ros2_foxy_sim/src/install/control_input_msgs/share/control_input_msgs/cmake/control_input_msgs__rosidl_typesupport_introspection_cExport-noconfig.cmake
[8.039s] -- Installing: /home/danya/a1_ros2_foxy_sim/src/install/control_input_msgs/share/control_input_msgs/cmake/control_input_msgs__rosidl_typesupport_cExport.cmake
[8.040s] -- Installing: /home/danya/a1_ros2_foxy_sim/src/install/control_input_msgs/share/control_input_msgs/cmake/control_input_msgs__rosidl_typesupport_cExport-noconfig.cmake
[8.040s] -- Installing: /home/danya/a1_ros2_foxy_sim/src/install/control_input_msgs/share/control_input_msgs/cmake/control_input_msgs__rosidl_generator_cppExport.cmake
[8.040s] -- Installing: /home/danya/a1_ros2_foxy_sim/src/install/control_input_msgs/share/control_input_msgs/cmake/control_input_msgs__rosidl_typesupport_introspection_cppExport.cmake
[8.040s] -- Installing: /home/danya/a1_ros2_foxy_sim/src/install/control_input_msgs/share/control_input_msgs/cmake/control_input_msgs__rosidl_typesupport_introspection_cppExport-noconfig.cmake
[8.041s] -- Installing: /home/danya/a1_ros2_foxy_sim/src/install/control_input_msgs/share/control_input_msgs/cmake/control_input_msgs__rosidl_typesupport_cppExport.cmake
[8.041s] -- Installing: /home/danya/a1_ros2_foxy_sim/src/install/control_input_msgs/share/control_input_msgs/cmake/control_input_msgs__rosidl_typesupport_cppExport-noconfig.cmake
[8.042s] -- Installing: /home/danya/a1_ros2_foxy_sim/src/install/control_input_msgs/share/control_input_msgs/cmake/rosidl_cmake-extras.cmake
[8.042s] -- Installing: /home/danya/a1_ros2_foxy_sim/src/install/control_input_msgs/share/control_input_msgs/cmake/ament_cmake_export_dependencies-extras.cmake
[8.042s] -- Installing: /home/danya/a1_ros2_foxy_sim/src/install/control_input_msgs/share/control_input_msgs/cmake/ament_cmake_export_libraries-extras.cmake
[8.042s] -- Installing: /home/danya/a1_ros2_foxy_sim/src/install/control_input_msgs/share/control_input_msgs/cmake/ament_cmake_export_targets-extras.cmake
[8.043s] -- Installing: /home/danya/a1_ros2_foxy_sim/src/install/control_input_msgs/share/control_input_msgs/cmake/ament_cmake_export_include_directories-extras.cmake
[8.043s] -- Installing: /home/danya/a1_ros2_foxy_sim/src/install/control_input_msgs/share/control_input_msgs/cmake/rosidl_cmake_export_typesupport_libraries-extras.cmake
[8.043s] -- Installing: /home/danya/a1_ros2_foxy_sim/src/install/control_input_msgs/share/control_input_msgs/cmake/rosidl_cmake_export_typesupport_targets-extras.cmake
[8.044s] -- Installing: /home/danya/a1_ros2_foxy_sim/src/install/control_input_msgs/share/control_input_msgs/cmake/control_input_msgsConfig.cmake
[8.044s] -- Installing: /home/danya/a1_ros2_foxy_sim/src/install/control_input_msgs/share/control_input_msgs/cmake/control_input_msgsConfig-version.cmake
[8.044s] -- Installing: /home/danya/a1_ros2_foxy_sim/src/install/control_input_msgs/share/control_input_msgs/package.xml
[8.050s] Invoked command in '/home/danya/a1_ros2_foxy_sim/src/build/control_input_msgs' returned '0': CMAKE_PREFIX_PATH=/opt/ros/foxy /usr/bin/cmake --install /home/danya/a1_ros2_foxy_sim/src/build/control_input_msgs
