-- The C compiler identification is GNU 9.4.0
-- The CXX compiler identification is GNU 9.4.0
-- Check for working C compiler: /usr/bin/cc
-- Check for working C compiler: /usr/bin/cc -- works
-- Detecting C compiler ABI info
-- Detecting C compiler ABI info - done
-- Detecting C compile features
-- Detecting C compile features - done
-- Check for working CXX compiler: /usr/bin/c++
-- Check for working CXX compiler: /usr/bin/c++ -- works
-- Detecting CXX compiler ABI info
-- Detecting CXX compiler ABI info - done
-- Detecting CXX compile features
-- Detecting CXX compile features - done
-- Found ament_cmake: 0.9.12 (/opt/ros/foxy/share/ament_cmake/cmake)
-- Found PythonInterp: /usr/bin/python3 (found suitable version "3.8.10", minimum required is "3") 
-- Using PYTHON_EXECUTABLE: /usr/bin/python3
-- Found pluginlib: 2.5.4 (/opt/ros/foxy/share/pluginlib/cmake)
-- Found controller_interface: 0.11.0 (/opt/ros/foxy/share/controller_interface/cmake)
-- Using all available rosidl_typesupport_c: rosidl_typesupport_fastrtps_c;rosidl_typesupport_introspection_c
-- Found rosidl_adapter: 1.3.1 (/opt/ros/foxy/share/rosidl_adapter/cmake)
-- Found OpenSSL: /usr/lib/x86_64-linux-gnu/libcrypto.so (found version "1.1.1f")  
-- Found FastRTPS: /opt/ros/foxy/include  
-- Using all available rosidl_typesupport_cpp: rosidl_typesupport_fastrtps_cpp;rosidl_typesupport_introspection_cpp
-- Found rmw_implementation_cmake: 1.0.4 (/opt/ros/foxy/share/rmw_implementation_cmake/cmake)
-- Using RMW implementation 'rmw_fastrtps_cpp' as default
-- Looking for pthread.h
-- Looking for pthread.h - found
-- Performing Test CMAKE_HAVE_LIBC_PTHREAD
-- Performing Test CMAKE_HAVE_LIBC_PTHREAD - Failed
-- Looking for pthread_create in pthreads
-- Looking for pthread_create in pthreads - not found
-- Looking for pthread_create in pthread
-- Looking for pthread_create in pthread - found
-- Found Threads: TRUE  
-- Found realtime_tools: 2.2.0 (/opt/ros/foxy/share/realtime_tools/cmake)
-- Found control_input_msgs: 0.0.0 (/home/danya/a1_ros2_foxy_sim/src/install/control_input_msgs/share/control_input_msgs/cmake)
-- Found controller_common: 0.0.0 (/home/danya/a1_ros2_foxy_sim/src/install/controller_common/share/controller_common/cmake)
-- Found kdl_parser: 2.4.1 (/opt/ros/foxy/share/kdl_parser/cmake)
-- Found eigen3_cmake_module: 0.1.1 (/opt/ros/foxy/share/eigen3_cmake_module/cmake)
-- Found Eigen3: TRUE (found version "3.4.0") 
-- Found urdf: 2.4.0 (/opt/ros/foxy/share/urdf/cmake)
-- Found ament_lint_auto: 0.9.8 (/opt/ros/foxy/share/ament_lint_auto/cmake)
-- Added test 'cppcheck' to perform static code analysis on C / C++ code
-- Configured cppcheck include dirs: $<BUILD_INTERFACE:/home/danya/a1_ros2_foxy_sim/src/quadruped_ros2_control/controllers/unitree_guide_controller/include>;/home/danya/a1_ros2_foxy_sim/src/quadruped_ros2_control/controllers/unitree_guide_controller/src
-- Configured cppcheck exclude dirs and/or files: 
-- Added test 'flake8' to check Python code syntax and style conventions
-- Added test 'lint_cmake' to check CMake code style
-- Added test 'pep257' to check Python code against some of the style conventions in PEP 257
-- Added test 'uncrustify' to check C / C++ code style
-- Configured uncrustify additional arguments: 
-- Added test 'xmllint' to check XML markup files
-- Configuring done
-- Generating done
-- Build files have been written to: /home/danya/a1_ros2_foxy_sim/src/build/unitree_guide_controller
[35m[1mScanning dependencies of target unitree_guide_controller[0m
[ 17%] [32mBuilding CXX object CMakeFiles/unitree_guide_controller.dir/src/FSM/StateBalanceTest.cpp.o[0m
[ 17%] [32mBuilding CXX object CMakeFiles/unitree_guide_controller.dir/src/FSM/StateTrotting.cpp.o[0m
[ 17%] [32mBuilding CXX object CMakeFiles/unitree_guide_controller.dir/src/UnitreeGuideController.cpp.o[0m
[ 23%] [32mBuilding CXX object CMakeFiles/unitree_guide_controller.dir/src/FSM/StateSwingTest.cpp.o[0m
[ 29%] [32mBuilding CXX object CMakeFiles/unitree_guide_controller.dir/src/robot/QuadrupedRobot.cpp.o[0m
[ 41%] [32mBuilding CXX object CMakeFiles/unitree_guide_controller.dir/src/FSM/StateFixedStand.cpp.o[0m
[ 41%] [32mBuilding CXX object CMakeFiles/unitree_guide_controller.dir/src/FSM/StateFreeStand.cpp.o[0m
[ 47%] [32mBuilding CXX object CMakeFiles/unitree_guide_controller.dir/src/robot/RobotLeg.cpp.o[0m
[ 52%] [32mBuilding CXX object CMakeFiles/unitree_guide_controller.dir/src/control/Estimator.cpp.o[0m
[ 58%] [32mBuilding CXX object CMakeFiles/unitree_guide_controller.dir/src/control/LowPassFilter.cpp.o[0m
[ 64%] [32mBuilding CXX object CMakeFiles/unitree_guide_controller.dir/src/control/BalanceCtrl.cpp.o[0m
[ 70%] [32mBuilding CXX object CMakeFiles/unitree_guide_controller.dir/src/quadProgpp/Array.cc.o[0m
[ 76%] [32mBuilding CXX object CMakeFiles/unitree_guide_controller.dir/src/quadProgpp/QuadProg++.cc.o[0m
[ 82%] [32mBuilding CXX object CMakeFiles/unitree_guide_controller.dir/src/gait/WaveGenerator.cpp.o[0m
[ 88%] [32mBuilding CXX object CMakeFiles/unitree_guide_controller.dir/src/gait/FeetEndCalc.cpp.o[0m
[ 94%] [32mBuilding CXX object CMakeFiles/unitree_guide_controller.dir/src/gait/GaitGenerator.cpp.o[0m
[100%] [32m[1mLinking CXX shared library libunitree_guide_controller.so[0m
[100%] Built target unitree_guide_controller
-- Install configuration: "Release"
-- Installing: /home/danya/a1_ros2_foxy_sim/src/install/unitree_guide_controller/share/unitree_guide_controller/unitree_guide_controller.xml
-- Installing: /home/danya/a1_ros2_foxy_sim/src/install/unitree_guide_controller/include/unitree_guide_controller
-- Installing: /home/danya/a1_ros2_foxy_sim/src/install/unitree_guide_controller/include/unitree_guide_controller/unitree_guide_controller
-- Installing: /home/danya/a1_ros2_foxy_sim/src/install/unitree_guide_controller/include/unitree_guide_controller/unitree_guide_controller/UnitreeGuideController.h
-- Installing: /home/danya/a1_ros2_foxy_sim/src/install/unitree_guide_controller/include/unitree_guide_controller/unitree_guide_controller/control
-- Installing: /home/danya/a1_ros2_foxy_sim/src/install/unitree_guide_controller/include/unitree_guide_controller/unitree_guide_controller/control/LowPassFilter.h
-- Installing: /home/danya/a1_ros2_foxy_sim/src/install/unitree_guide_controller/include/unitree_guide_controller/unitree_guide_controller/control/Estimator.h
-- Installing: /home/danya/a1_ros2_foxy_sim/src/install/unitree_guide_controller/include/unitree_guide_controller/unitree_guide_controller/control/CtrlComponent.h
-- Installing: /home/danya/a1_ros2_foxy_sim/src/install/unitree_guide_controller/include/unitree_guide_controller/unitree_guide_controller/control/BalanceCtrl.h
-- Installing: /home/danya/a1_ros2_foxy_sim/src/install/unitree_guide_controller/include/unitree_guide_controller/unitree_guide_controller/common
-- Installing: /home/danya/a1_ros2_foxy_sim/src/install/unitree_guide_controller/include/unitree_guide_controller/unitree_guide_controller/common/mathTools.h
-- Installing: /home/danya/a1_ros2_foxy_sim/src/install/unitree_guide_controller/include/unitree_guide_controller/unitree_guide_controller/common/mathTypes.h
-- Installing: /home/danya/a1_ros2_foxy_sim/src/install/unitree_guide_controller/include/unitree_guide_controller/unitree_guide_controller/robot
-- Installing: /home/danya/a1_ros2_foxy_sim/src/install/unitree_guide_controller/include/unitree_guide_controller/unitree_guide_controller/robot/RobotLeg.h
-- Installing: /home/danya/a1_ros2_foxy_sim/src/install/unitree_guide_controller/include/unitree_guide_controller/unitree_guide_controller/robot/QuadrupedRobot.h
-- Installing: /home/danya/a1_ros2_foxy_sim/src/install/unitree_guide_controller/include/unitree_guide_controller/unitree_guide_controller/FSM
-- Installing: /home/danya/a1_ros2_foxy_sim/src/install/unitree_guide_controller/include/unitree_guide_controller/unitree_guide_controller/FSM/StateFreeStand.h
-- Installing: /home/danya/a1_ros2_foxy_sim/src/install/unitree_guide_controller/include/unitree_guide_controller/unitree_guide_controller/FSM/StateSwingTest.h
-- Installing: /home/danya/a1_ros2_foxy_sim/src/install/unitree_guide_controller/include/unitree_guide_controller/unitree_guide_controller/FSM/StateBalanceTest.h
-- Installing: /home/danya/a1_ros2_foxy_sim/src/install/unitree_guide_controller/include/unitree_guide_controller/unitree_guide_controller/FSM/StateFixedStand.h
-- Installing: /home/danya/a1_ros2_foxy_sim/src/install/unitree_guide_controller/include/unitree_guide_controller/unitree_guide_controller/FSM/StateTrotting.h
-- Installing: /home/danya/a1_ros2_foxy_sim/src/install/unitree_guide_controller/include/unitree_guide_controller/unitree_guide_controller/gait
-- Installing: /home/danya/a1_ros2_foxy_sim/src/install/unitree_guide_controller/include/unitree_guide_controller/unitree_guide_controller/gait/GaitGenerator.h
-- Installing: /home/danya/a1_ros2_foxy_sim/src/install/unitree_guide_controller/include/unitree_guide_controller/unitree_guide_controller/gait/FeetEndCalc.h
-- Installing: /home/danya/a1_ros2_foxy_sim/src/install/unitree_guide_controller/include/unitree_guide_controller/unitree_guide_controller/gait/WaveGenerator.h
-- Installing: /home/danya/a1_ros2_foxy_sim/src/install/unitree_guide_controller/lib/unitree_guide_controller/libunitree_guide_controller.so
-- Set runtime path of "/home/danya/a1_ros2_foxy_sim/src/install/unitree_guide_controller/lib/unitree_guide_controller/libunitree_guide_controller.so" to ""
-- Installing: /home/danya/a1_ros2_foxy_sim/src/install/unitree_guide_controller/share/unitree_guide_controller//launch
-- Installing: /home/danya/a1_ros2_foxy_sim/src/install/unitree_guide_controller/share/unitree_guide_controller//launch/gazebo_classic.launch.py
-- Installing: /home/danya/a1_ros2_foxy_sim/src/install/unitree_guide_controller/share/unitree_guide_controller//launch/gazebo.launch.py
-- Installing: /home/danya/a1_ros2_foxy_sim/src/install/unitree_guide_controller/share/unitree_guide_controller//launch/mujoco.launch.py
-- Installing: /home/danya/a1_ros2_foxy_sim/src/install/unitree_guide_controller/share/unitree_guide_controller/environment/library_path.sh
-- Installing: /home/danya/a1_ros2_foxy_sim/src/install/unitree_guide_controller/share/unitree_guide_controller/environment/library_path.dsv
-- Installing: /home/danya/a1_ros2_foxy_sim/src/install/unitree_guide_controller/share/ament_index/resource_index/package_run_dependencies/unitree_guide_controller
-- Installing: /home/danya/a1_ros2_foxy_sim/src/install/unitree_guide_controller/share/ament_index/resource_index/parent_prefix_path/unitree_guide_controller
-- Installing: /home/danya/a1_ros2_foxy_sim/src/install/unitree_guide_controller/share/unitree_guide_controller/environment/ament_prefix_path.sh
-- Installing: /home/danya/a1_ros2_foxy_sim/src/install/unitree_guide_controller/share/unitree_guide_controller/environment/ament_prefix_path.dsv
-- Installing: /home/danya/a1_ros2_foxy_sim/src/install/unitree_guide_controller/share/unitree_guide_controller/environment/path.sh
-- Installing: /home/danya/a1_ros2_foxy_sim/src/install/unitree_guide_controller/share/unitree_guide_controller/environment/path.dsv
-- Installing: /home/danya/a1_ros2_foxy_sim/src/install/unitree_guide_controller/share/unitree_guide_controller/local_setup.bash
-- Installing: /home/danya/a1_ros2_foxy_sim/src/install/unitree_guide_controller/share/unitree_guide_controller/local_setup.sh
-- Installing: /home/danya/a1_ros2_foxy_sim/src/install/unitree_guide_controller/share/unitree_guide_controller/local_setup.zsh
-- Installing: /home/danya/a1_ros2_foxy_sim/src/install/unitree_guide_controller/share/unitree_guide_controller/local_setup.dsv
-- Installing: /home/danya/a1_ros2_foxy_sim/src/install/unitree_guide_controller/share/unitree_guide_controller/package.dsv
-- Installing: /home/danya/a1_ros2_foxy_sim/src/install/unitree_guide_controller/share/ament_index/resource_index/packages/unitree_guide_controller
-- Installing: /home/danya/a1_ros2_foxy_sim/src/install/unitree_guide_controller/share/ament_index/resource_index/controller_interface__pluginlib__plugin/unitree_guide_controller
-- Installing: /home/danya/a1_ros2_foxy_sim/src/install/unitree_guide_controller/share/unitree_guide_controller/cmake/export_unitree_guide_controllerExport.cmake
-- Installing: /home/danya/a1_ros2_foxy_sim/src/install/unitree_guide_controller/share/unitree_guide_controller/cmake/export_unitree_guide_controllerExport-release.cmake
-- Installing: /home/danya/a1_ros2_foxy_sim/src/install/unitree_guide_controller/share/unitree_guide_controller/cmake/ament_cmake_export_dependencies-extras.cmake
-- Installing: /home/danya/a1_ros2_foxy_sim/src/install/unitree_guide_controller/share/unitree_guide_controller/cmake/ament_cmake_export_targets-extras.cmake
-- Installing: /home/danya/a1_ros2_foxy_sim/src/install/unitree_guide_controller/share/unitree_guide_controller/cmake/unitree_guide_controllerConfig.cmake
-- Installing: /home/danya/a1_ros2_foxy_sim/src/install/unitree_guide_controller/share/unitree_guide_controller/cmake/unitree_guide_controllerConfig-version.cmake
-- Installing: /home/danya/a1_ros2_foxy_sim/src/install/unitree_guide_controller/share/unitree_guide_controller/package.xml
