[0.035s] Invoking command in '/home/danya/a1_ros2_foxy_sim/src/build/unitree_guide_controller': AMENT_PREFIX_PATH=/home/danya/a1_ros2_foxy_sim/src/install/controller_common:/home/danya/a1_ros2_foxy_sim/src/install/control_input_msgs:${AMENT_PREFIX_PATH} CMAKE_PREFIX_PATH=/home/danya/a1_ros2_foxy_sim/src/install/controller_common:/home/danya/a1_ros2_foxy_sim/src/install/control_input_msgs:/opt/ros/foxy LD_LIBRARY_PATH=/home/danya/a1_ros2_foxy_sim/src/install/controller_common/lib:/home/danya/a1_ros2_foxy_sim/src/install/control_input_msgs/lib:${LD_LIBRARY_PATH} PYTHONPATH=/home/danya/a1_ros2_foxy_sim/src/install/control_input_msgs/lib/python3.8/site-packages:${PYTHONPATH} /usr/bin/cmake /home/danya/a1_ros2_foxy_sim/src/quadruped_ros2_control/controllers/unitree_guide_controller -DCMAKE_INSTALL_PREFIX=/home/danya/a1_ros2_foxy_sim/src/install/unitree_guide_controller
[0.163s] -- The C compiler identification is GNU 9.4.0
[0.276s] -- The CXX compiler identification is GNU 9.4.0
[0.285s] -- Check for working C compiler: /usr/bin/cc
[0.446s] -- Check for working C compiler: /usr/bin/cc -- works
[0.449s] -- Detecting C compiler ABI info
[0.615s] -- Detecting C compiler ABI info - done
[0.639s] -- Detecting C compile features
[0.639s] -- Detecting C compile features - done
[0.643s] -- Check for working CXX compiler: /usr/bin/c++
[0.825s] -- Check for working CXX compiler: /usr/bin/c++ -- works
[0.828s] -- Detecting CXX compiler ABI info
[1.011s] -- Detecting CXX compiler ABI info - done
[1.034s] -- Detecting CXX compile features
[1.035s] -- Detecting CXX compile features - done
[1.040s] -- Found ament_cmake: 0.9.12 (/opt/ros/foxy/share/ament_cmake/cmake)
[1.088s] -- Found PythonInterp: /usr/bin/python3 (found suitable version "3.8.10", minimum required is "3") 
[1.088s] -- Using PYTHON_EXECUTABLE: /usr/bin/python3
[1.478s] -- Found pluginlib: 2.5.4 (/opt/ros/foxy/share/pluginlib/cmake)
[1.576s] -- Found controller_interface: 0.11.0 (/opt/ros/foxy/share/controller_interface/cmake)
[1.626s] -- Using all available rosidl_typesupport_c: rosidl_typesupport_fastrtps_c;rosidl_typesupport_introspection_c
[1.639s] -- Found rosidl_adapter: 1.3.1 (/opt/ros/foxy/share/rosidl_adapter/cmake)
[1.877s] -- Found OpenSSL: /usr/lib/x86_64-linux-gnu/libcrypto.so (found version "1.1.1f")  
[1.942s] -- Found FastRTPS: /opt/ros/foxy/include  
[2.095s] -- Using all available rosidl_typesupport_cpp: rosidl_typesupport_fastrtps_cpp;rosidl_typesupport_introspection_cpp
[3.147s] -- Found rmw_implementation_cmake: 1.0.4 (/opt/ros/foxy/share/rmw_implementation_cmake/cmake)
[3.150s] -- Using RMW implementation 'rmw_fastrtps_cpp' as default
[3.152s] -- Looking for pthread.h
[3.327s] -- Looking for pthread.h - found
[3.327s] -- Performing Test CMAKE_HAVE_LIBC_PTHREAD
[3.503s] -- Performing Test CMAKE_HAVE_LIBC_PTHREAD - Failed
[3.504s] -- Looking for pthread_create in pthreads
[3.659s] -- Looking for pthread_create in pthreads - not found
[3.659s] -- Looking for pthread_create in pthread
[3.837s] -- Looking for pthread_create in pthread - found
[3.840s] -- Found Threads: TRUE  
[4.326s] -- Found realtime_tools: 2.2.0 (/opt/ros/foxy/share/realtime_tools/cmake)
[4.399s] -- Found control_input_msgs: 0.0.0 (/home/danya/a1_ros2_foxy_sim/src/install/control_input_msgs/share/control_input_msgs/cmake)
[4.411s] -- Found controller_common: 0.0.0 (/home/danya/a1_ros2_foxy_sim/src/install/controller_common/share/controller_common/cmake)
[4.416s] -- Found kdl_parser: 2.4.1 (/opt/ros/foxy/share/kdl_parser/cmake)
[4.423s] -- Found eigen3_cmake_module: 0.1.1 (/opt/ros/foxy/share/eigen3_cmake_module/cmake)
[4.431s] -- Found Eigen3: TRUE (found version "3.4.0") 
[4.444s] -- Found urdf: 2.4.0 (/opt/ros/foxy/share/urdf/cmake)
[4.544s] -- Found ament_lint_auto: 0.9.8 (/opt/ros/foxy/share/ament_lint_auto/cmake)
[4.688s] -- Added test 'cppcheck' to perform static code analysis on C / C++ code
[4.689s] -- Configured cppcheck include dirs: $<BUILD_INTERFACE:/home/danya/a1_ros2_foxy_sim/src/quadruped_ros2_control/controllers/unitree_guide_controller/include>;/home/danya/a1_ros2_foxy_sim/src/quadruped_ros2_control/controllers/unitree_guide_controller/src
[4.689s] -- Configured cppcheck exclude dirs and/or files: 
[4.690s] -- Added test 'flake8' to check Python code syntax and style conventions
[4.693s] -- Added test 'lint_cmake' to check CMake code style
[4.694s] -- Added test 'pep257' to check Python code against some of the style conventions in PEP 257
[4.700s] -- Added test 'uncrustify' to check C / C++ code style
[4.700s] -- Configured uncrustify additional arguments: 
[4.701s] -- Added test 'xmllint' to check XML markup files
[4.711s] -- Configuring done
[4.806s] -- Generating done
[4.829s] -- Build files have been written to: /home/danya/a1_ros2_foxy_sim/src/build/unitree_guide_controller
[4.846s] Invoked command in '/home/danya/a1_ros2_foxy_sim/src/build/unitree_guide_controller' returned '0': AMENT_PREFIX_PATH=/home/danya/a1_ros2_foxy_sim/src/install/controller_common:/home/danya/a1_ros2_foxy_sim/src/install/control_input_msgs:${AMENT_PREFIX_PATH} CMAKE_PREFIX_PATH=/home/danya/a1_ros2_foxy_sim/src/install/controller_common:/home/danya/a1_ros2_foxy_sim/src/install/control_input_msgs:/opt/ros/foxy LD_LIBRARY_PATH=/home/danya/a1_ros2_foxy_sim/src/install/controller_common/lib:/home/danya/a1_ros2_foxy_sim/src/install/control_input_msgs/lib:${LD_LIBRARY_PATH} PYTHONPATH=/home/danya/a1_ros2_foxy_sim/src/install/control_input_msgs/lib/python3.8/site-packages:${PYTHONPATH} /usr/bin/cmake /home/danya/a1_ros2_foxy_sim/src/quadruped_ros2_control/controllers/unitree_guide_controller -DCMAKE_INSTALL_PREFIX=/home/danya/a1_ros2_foxy_sim/src/install/unitree_guide_controller
[4.853s] Invoking command in '/home/danya/a1_ros2_foxy_sim/src/build/unitree_guide_controller': AMENT_PREFIX_PATH=/home/danya/a1_ros2_foxy_sim/src/install/controller_common:/home/danya/a1_ros2_foxy_sim/src/install/control_input_msgs:${AMENT_PREFIX_PATH} CMAKE_PREFIX_PATH=/home/danya/a1_ros2_foxy_sim/src/install/controller_common:/home/danya/a1_ros2_foxy_sim/src/install/control_input_msgs:/opt/ros/foxy LD_LIBRARY_PATH=/home/danya/a1_ros2_foxy_sim/src/install/controller_common/lib:/home/danya/a1_ros2_foxy_sim/src/install/control_input_msgs/lib:${LD_LIBRARY_PATH} PYTHONPATH=/home/danya/a1_ros2_foxy_sim/src/install/control_input_msgs/lib/python3.8/site-packages:${PYTHONPATH} /usr/bin/cmake --build /home/danya/a1_ros2_foxy_sim/src/build/unitree_guide_controller -- -j8 -l8
[4.963s] [35m[1mScanning dependencies of target unitree_guide_controller[0m
[5.331s] [ 17%] [32mBuilding CXX object CMakeFiles/unitree_guide_controller.dir/src/FSM/StateBalanceTest.cpp.o[0m
[5.331s] [ 17%] [32mBuilding CXX object CMakeFiles/unitree_guide_controller.dir/src/FSM/StateTrotting.cpp.o[0m
[5.331s] [ 17%] [32mBuilding CXX object CMakeFiles/unitree_guide_controller.dir/src/UnitreeGuideController.cpp.o[0m
[5.332s] [ 23%] [32mBuilding CXX object CMakeFiles/unitree_guide_controller.dir/src/FSM/StateSwingTest.cpp.o[0m
[5.332s] [ 29%] [32mBuilding CXX object CMakeFiles/unitree_guide_controller.dir/src/robot/QuadrupedRobot.cpp.o[0m
[5.332s] [ 41%] [32mBuilding CXX object CMakeFiles/unitree_guide_controller.dir/src/FSM/StateFixedStand.cpp.o[0m
[5.333s] [ 41%] [32mBuilding CXX object CMakeFiles/unitree_guide_controller.dir/src/FSM/StateFreeStand.cpp.o[0m
[5.353s] [ 47%] [32mBuilding CXX object CMakeFiles/unitree_guide_controller.dir/src/robot/RobotLeg.cpp.o[0m
[6.725s] [ 52%] [32mBuilding CXX object CMakeFiles/unitree_guide_controller.dir/src/control/Estimator.cpp.o[0m
[11.769s] [ 58%] [32mBuilding CXX object CMakeFiles/unitree_guide_controller.dir/src/control/LowPassFilter.cpp.o[0m
[12.438s] [ 64%] [32mBuilding CXX object CMakeFiles/unitree_guide_controller.dir/src/control/BalanceCtrl.cpp.o[0m
[14.497s] [ 70%] [32mBuilding CXX object CMakeFiles/unitree_guide_controller.dir/src/quadProgpp/Array.cc.o[0m
[14.924s] [ 76%] [32mBuilding CXX object CMakeFiles/unitree_guide_controller.dir/src/quadProgpp/QuadProg++.cc.o[0m
[16.252s] [ 82%] [32mBuilding CXX object CMakeFiles/unitree_guide_controller.dir/src/gait/WaveGenerator.cpp.o[0m
[17.154s] [ 88%] [32mBuilding CXX object CMakeFiles/unitree_guide_controller.dir/src/gait/FeetEndCalc.cpp.o[0m
[17.395s] [ 94%] [32mBuilding CXX object CMakeFiles/unitree_guide_controller.dir/src/gait/GaitGenerator.cpp.o[0m
[41.564s] [100%] [32m[1mLinking CXX shared library libunitree_guide_controller.so[0m
[42.013s] [100%] Built target unitree_guide_controller
[42.042s] Invoked command in '/home/danya/a1_ros2_foxy_sim/src/build/unitree_guide_controller' returned '0': AMENT_PREFIX_PATH=/home/danya/a1_ros2_foxy_sim/src/install/controller_common:/home/danya/a1_ros2_foxy_sim/src/install/control_input_msgs:${AMENT_PREFIX_PATH} CMAKE_PREFIX_PATH=/home/danya/a1_ros2_foxy_sim/src/install/controller_common:/home/danya/a1_ros2_foxy_sim/src/install/control_input_msgs:/opt/ros/foxy LD_LIBRARY_PATH=/home/danya/a1_ros2_foxy_sim/src/install/controller_common/lib:/home/danya/a1_ros2_foxy_sim/src/install/control_input_msgs/lib:${LD_LIBRARY_PATH} PYTHONPATH=/home/danya/a1_ros2_foxy_sim/src/install/control_input_msgs/lib/python3.8/site-packages:${PYTHONPATH} /usr/bin/cmake --build /home/danya/a1_ros2_foxy_sim/src/build/unitree_guide_controller -- -j8 -l8
[42.051s] Invoking command in '/home/danya/a1_ros2_foxy_sim/src/build/unitree_guide_controller': AMENT_PREFIX_PATH=/home/danya/a1_ros2_foxy_sim/src/install/controller_common:/home/danya/a1_ros2_foxy_sim/src/install/control_input_msgs:${AMENT_PREFIX_PATH} CMAKE_PREFIX_PATH=/home/danya/a1_ros2_foxy_sim/src/install/controller_common:/home/danya/a1_ros2_foxy_sim/src/install/control_input_msgs:/opt/ros/foxy LD_LIBRARY_PATH=/home/danya/a1_ros2_foxy_sim/src/install/controller_common/lib:/home/danya/a1_ros2_foxy_sim/src/install/control_input_msgs/lib:${LD_LIBRARY_PATH} PYTHONPATH=/home/danya/a1_ros2_foxy_sim/src/install/control_input_msgs/lib/python3.8/site-packages:${PYTHONPATH} /usr/bin/cmake --install /home/danya/a1_ros2_foxy_sim/src/build/unitree_guide_controller
[42.072s] -- Install configuration: "Release"
[42.072s] -- Installing: /home/danya/a1_ros2_foxy_sim/src/install/unitree_guide_controller/share/unitree_guide_controller/unitree_guide_controller.xml
[42.072s] -- Installing: /home/danya/a1_ros2_foxy_sim/src/install/unitree_guide_controller/include/unitree_guide_controller
[42.073s] -- Installing: /home/danya/a1_ros2_foxy_sim/src/install/unitree_guide_controller/include/unitree_guide_controller/unitree_guide_controller
[42.073s] -- Installing: /home/danya/a1_ros2_foxy_sim/src/install/unitree_guide_controller/include/unitree_guide_controller/unitree_guide_controller/UnitreeGuideController.h
[42.073s] -- Installing: /home/danya/a1_ros2_foxy_sim/src/install/unitree_guide_controller/include/unitree_guide_controller/unitree_guide_controller/control
[42.073s] -- Installing: /home/danya/a1_ros2_foxy_sim/src/install/unitree_guide_controller/include/unitree_guide_controller/unitree_guide_controller/control/LowPassFilter.h
[42.074s] -- Installing: /home/danya/a1_ros2_foxy_sim/src/install/unitree_guide_controller/include/unitree_guide_controller/unitree_guide_controller/control/Estimator.h
[42.074s] -- Installing: /home/danya/a1_ros2_foxy_sim/src/install/unitree_guide_controller/include/unitree_guide_controller/unitree_guide_controller/control/CtrlComponent.h
[42.074s] -- Installing: /home/danya/a1_ros2_foxy_sim/src/install/unitree_guide_controller/include/unitree_guide_controller/unitree_guide_controller/control/BalanceCtrl.h
[42.074s] -- Installing: /home/danya/a1_ros2_foxy_sim/src/install/unitree_guide_controller/include/unitree_guide_controller/unitree_guide_controller/common
[42.074s] -- Installing: /home/danya/a1_ros2_foxy_sim/src/install/unitree_guide_controller/include/unitree_guide_controller/unitree_guide_controller/common/mathTools.h
[42.075s] -- Installing: /home/danya/a1_ros2_foxy_sim/src/install/unitree_guide_controller/include/unitree_guide_controller/unitree_guide_controller/common/mathTypes.h
[42.075s] -- Installing: /home/danya/a1_ros2_foxy_sim/src/install/unitree_guide_controller/include/unitree_guide_controller/unitree_guide_controller/robot
[42.075s] -- Installing: /home/danya/a1_ros2_foxy_sim/src/install/unitree_guide_controller/include/unitree_guide_controller/unitree_guide_controller/robot/RobotLeg.h
[42.075s] -- Installing: /home/danya/a1_ros2_foxy_sim/src/install/unitree_guide_controller/include/unitree_guide_controller/unitree_guide_controller/robot/QuadrupedRobot.h
[42.075s] -- Installing: /home/danya/a1_ros2_foxy_sim/src/install/unitree_guide_controller/include/unitree_guide_controller/unitree_guide_controller/FSM
[42.075s] -- Installing: /home/danya/a1_ros2_foxy_sim/src/install/unitree_guide_controller/include/unitree_guide_controller/unitree_guide_controller/FSM/StateFreeStand.h
[42.076s] -- Installing: /home/danya/a1_ros2_foxy_sim/src/install/unitree_guide_controller/include/unitree_guide_controller/unitree_guide_controller/FSM/StateSwingTest.h
[42.076s] -- Installing: /home/danya/a1_ros2_foxy_sim/src/install/unitree_guide_controller/include/unitree_guide_controller/unitree_guide_controller/FSM/StateBalanceTest.h
[42.076s] -- Installing: /home/danya/a1_ros2_foxy_sim/src/install/unitree_guide_controller/include/unitree_guide_controller/unitree_guide_controller/FSM/StateFixedStand.h
[42.076s] -- Installing: /home/danya/a1_ros2_foxy_sim/src/install/unitree_guide_controller/include/unitree_guide_controller/unitree_guide_controller/FSM/StateTrotting.h
[42.077s] -- Installing: /home/danya/a1_ros2_foxy_sim/src/install/unitree_guide_controller/include/unitree_guide_controller/unitree_guide_controller/gait
[42.077s] -- Installing: /home/danya/a1_ros2_foxy_sim/src/install/unitree_guide_controller/include/unitree_guide_controller/unitree_guide_controller/gait/GaitGenerator.h
[42.077s] -- Installing: /home/danya/a1_ros2_foxy_sim/src/install/unitree_guide_controller/include/unitree_guide_controller/unitree_guide_controller/gait/FeetEndCalc.h
[42.077s] -- Installing: /home/danya/a1_ros2_foxy_sim/src/install/unitree_guide_controller/include/unitree_guide_controller/unitree_guide_controller/gait/WaveGenerator.h
[42.077s] -- Installing: /home/danya/a1_ros2_foxy_sim/src/install/unitree_guide_controller/lib/unitree_guide_controller/libunitree_guide_controller.so
[42.081s] -- Set runtime path of "/home/danya/a1_ros2_foxy_sim/src/install/unitree_guide_controller/lib/unitree_guide_controller/libunitree_guide_controller.so" to ""
[42.081s] -- Installing: /home/danya/a1_ros2_foxy_sim/src/install/unitree_guide_controller/share/unitree_guide_controller//launch
[42.081s] -- Installing: /home/danya/a1_ros2_foxy_sim/src/install/unitree_guide_controller/share/unitree_guide_controller//launch/gazebo_classic.launch.py
[42.082s] -- Installing: /home/danya/a1_ros2_foxy_sim/src/install/unitree_guide_controller/share/unitree_guide_controller//launch/gazebo.launch.py
[42.082s] -- Installing: /home/danya/a1_ros2_foxy_sim/src/install/unitree_guide_controller/share/unitree_guide_controller//launch/mujoco.launch.py
[42.083s] -- Installing: /home/danya/a1_ros2_foxy_sim/src/install/unitree_guide_controller/share/unitree_guide_controller/environment/library_path.sh
[42.084s] -- Installing: /home/danya/a1_ros2_foxy_sim/src/install/unitree_guide_controller/share/unitree_guide_controller/environment/library_path.dsv
[42.085s] -- Installing: /home/danya/a1_ros2_foxy_sim/src/install/unitree_guide_controller/share/ament_index/resource_index/package_run_dependencies/unitree_guide_controller
[42.085s] -- Installing: /home/danya/a1_ros2_foxy_sim/src/install/unitree_guide_controller/share/ament_index/resource_index/parent_prefix_path/unitree_guide_controller
[42.086s] -- Installing: /home/danya/a1_ros2_foxy_sim/src/install/unitree_guide_controller/share/unitree_guide_controller/environment/ament_prefix_path.sh
[42.086s] -- Installing: /home/danya/a1_ros2_foxy_sim/src/install/unitree_guide_controller/share/unitree_guide_controller/environment/ament_prefix_path.dsv
[42.087s] -- Installing: /home/danya/a1_ros2_foxy_sim/src/install/unitree_guide_controller/share/unitree_guide_controller/environment/path.sh
[42.087s] -- Installing: /home/danya/a1_ros2_foxy_sim/src/install/unitree_guide_controller/share/unitree_guide_controller/environment/path.dsv
[42.088s] -- Installing: /home/danya/a1_ros2_foxy_sim/src/install/unitree_guide_controller/share/unitree_guide_controller/local_setup.bash
[42.088s] -- Installing: /home/danya/a1_ros2_foxy_sim/src/install/unitree_guide_controller/share/unitree_guide_controller/local_setup.sh
[42.088s] -- Installing: /home/danya/a1_ros2_foxy_sim/src/install/unitree_guide_controller/share/unitree_guide_controller/local_setup.zsh
[42.089s] -- Installing: /home/danya/a1_ros2_foxy_sim/src/install/unitree_guide_controller/share/unitree_guide_controller/local_setup.dsv
[42.089s] -- Installing: /home/danya/a1_ros2_foxy_sim/src/install/unitree_guide_controller/share/unitree_guide_controller/package.dsv
[42.090s] -- Installing: /home/danya/a1_ros2_foxy_sim/src/install/unitree_guide_controller/share/ament_index/resource_index/packages/unitree_guide_controller
[42.090s] -- Installing: /home/danya/a1_ros2_foxy_sim/src/install/unitree_guide_controller/share/ament_index/resource_index/controller_interface__pluginlib__plugin/unitree_guide_controller
[42.091s] -- Installing: /home/danya/a1_ros2_foxy_sim/src/install/unitree_guide_controller/share/unitree_guide_controller/cmake/export_unitree_guide_controllerExport.cmake
[42.091s] -- Installing: /home/danya/a1_ros2_foxy_sim/src/install/unitree_guide_controller/share/unitree_guide_controller/cmake/export_unitree_guide_controllerExport-release.cmake
[42.092s] -- Installing: /home/danya/a1_ros2_foxy_sim/src/install/unitree_guide_controller/share/unitree_guide_controller/cmake/ament_cmake_export_dependencies-extras.cmake
[42.092s] -- Installing: /home/danya/a1_ros2_foxy_sim/src/install/unitree_guide_controller/share/unitree_guide_controller/cmake/ament_cmake_export_targets-extras.cmake
[42.092s] -- Installing: /home/danya/a1_ros2_foxy_sim/src/install/unitree_guide_controller/share/unitree_guide_controller/cmake/unitree_guide_controllerConfig.cmake
[42.093s] -- Installing: /home/danya/a1_ros2_foxy_sim/src/install/unitree_guide_controller/share/unitree_guide_controller/cmake/unitree_guide_controllerConfig-version.cmake
[42.093s] -- Installing: /home/danya/a1_ros2_foxy_sim/src/install/unitree_guide_controller/share/unitree_guide_controller/package.xml
[42.100s] Invoked command in '/home/danya/a1_ros2_foxy_sim/src/build/unitree_guide_controller' returned '0': AMENT_PREFIX_PATH=/home/danya/a1_ros2_foxy_sim/src/install/controller_common:/home/danya/a1_ros2_foxy_sim/src/install/control_input_msgs:${AMENT_PREFIX_PATH} CMAKE_PREFIX_PATH=/home/danya/a1_ros2_foxy_sim/src/install/controller_common:/home/danya/a1_ros2_foxy_sim/src/install/control_input_msgs:/opt/ros/foxy LD_LIBRARY_PATH=/home/danya/a1_ros2_foxy_sim/src/install/controller_common/lib:/home/danya/a1_ros2_foxy_sim/src/install/control_input_msgs/lib:${LD_LIBRARY_PATH} PYTHONPATH=/home/danya/a1_ros2_foxy_sim/src/install/control_input_msgs/lib/python3.8/site-packages:${PYTHONPATH} /usr/bin/cmake --install /home/danya/a1_ros2_foxy_sim/src/build/unitree_guide_controller
