-- The C compiler identification is GNU 9.4.0
-- The CXX compiler identification is GNU 9.4.0
-- Check for working C compiler: /usr/bin/cc
-- Check for working C compiler: /usr/bin/cc -- works
-- Detecting C compiler ABI info
-- Detecting C compiler ABI info - done
-- Detecting C compile features
-- Detecting C compile features - done
-- Check for working CXX compiler: /usr/bin/c++
-- Check for working CXX compiler: /usr/bin/c++ -- works
-- Detecting CXX compiler ABI info
-- Detecting CXX compiler ABI info - done
-- Detecting CXX compile features
-- Detecting CXX compile features - done
-- Found ament_cmake: 0.9.12 (/opt/ros/foxy/share/ament_cmake/cmake)
-- Found PythonInterp: /usr/bin/python3 (found suitable version "3.8.10", minimum required is "3") 
-- Using PYTHON_EXECUTABLE: /usr/bin/python3
-- Override CMake install command with custom implementation using symlinks instead of copying resources
-- Configuring done
-- Generating done
-- Build files have been written to: /home/danya/a1_ros2_foxy_sim/src/build/a1_description
-- Install configuration: ""
-- Execute custom install script
-- Symlinking: /home/danya/a1_ros2_foxy_sim/src/install/a1_description/share/a1_description//meshes/calf.dae
-- Symlinking: /home/danya/a1_ros2_foxy_sim/src/install/a1_description/share/a1_description//meshes/hip.dae
-- Symlinking: /home/danya/a1_ros2_foxy_sim/src/install/a1_description/share/a1_description//meshes/thigh.dae
-- Symlinking: /home/danya/a1_ros2_foxy_sim/src/install/a1_description/share/a1_description//meshes/thigh_mirror.dae
-- Symlinking: /home/danya/a1_ros2_foxy_sim/src/install/a1_description/share/a1_description//meshes/trunk.dae
-- Symlinking: /home/danya/a1_ros2_foxy_sim/src/install/a1_description/share/a1_description//meshes/trunk_A1.png
-- Symlinking: /home/danya/a1_ros2_foxy_sim/src/install/a1_description/share/a1_description//xacro/const.xacro
-- Symlinking: /home/danya/a1_ros2_foxy_sim/src/install/a1_description/share/a1_description//xacro/gazebo.xacro
-- Symlinking: /home/danya/a1_ros2_foxy_sim/src/install/a1_description/share/a1_description//xacro/gazebo_classic.xacro
-- Symlinking: /home/danya/a1_ros2_foxy_sim/src/install/a1_description/share/a1_description//xacro/leg.xacro
-- Symlinking: /home/danya/a1_ros2_foxy_sim/src/install/a1_description/share/a1_description//xacro/materials.xacro
-- Symlinking: /home/danya/a1_ros2_foxy_sim/src/install/a1_description/share/a1_description//xacro/robot.xacro
-- Symlinking: /home/danya/a1_ros2_foxy_sim/src/install/a1_description/share/a1_description//xacro/ros2_control.xacro
-- Symlinking: /home/danya/a1_ros2_foxy_sim/src/install/a1_description/share/a1_description//xacro/stairs.xacro
-- Symlinking: /home/danya/a1_ros2_foxy_sim/src/install/a1_description/share/a1_description//xacro/transmission.xacro
-- Symlinking: /home/danya/a1_ros2_foxy_sim/src/install/a1_description/share/a1_description//launch/visualize.launch.py
-- Symlinking: /home/danya/a1_ros2_foxy_sim/src/install/a1_description/share/a1_description//config/gazebo.yaml
-- Symlinking: /home/danya/a1_ros2_foxy_sim/src/install/a1_description/share/a1_description//config/legged_gym/config.yaml
-- Symlinking: /home/danya/a1_ros2_foxy_sim/src/install/a1_description/share/a1_description//config/legged_gym/config_himloco.yaml
-- Symlinking: /home/danya/a1_ros2_foxy_sim/src/install/a1_description/share/a1_description//config/legged_gym/him.pt
-- Symlinking: /home/danya/a1_ros2_foxy_sim/src/install/a1_description/share/a1_description//config/legged_gym/rl_sar.pt
-- Symlinking: /home/danya/a1_ros2_foxy_sim/src/install/a1_description/share/a1_description//config/ocs2/gait.info
-- Symlinking: /home/danya/a1_ros2_foxy_sim/src/install/a1_description/share/a1_description//config/ocs2/reference.info
-- Symlinking: /home/danya/a1_ros2_foxy_sim/src/install/a1_description/share/a1_description//config/ocs2/task.info
-- Symlinking: /home/danya/a1_ros2_foxy_sim/src/install/a1_description/share/a1_description//config/robot_control.yaml
-- Symlinking: /home/danya/a1_ros2_foxy_sim/src/install/a1_description/share/a1_description//config/visualize_urdf.rviz
-- Symlinking: /home/danya/a1_ros2_foxy_sim/src/install/a1_description/share/a1_description//urdf/robot.urdf
-- Symlinking: /home/danya/a1_ros2_foxy_sim/src/install/a1_description/share/ament_index/resource_index/package_run_dependencies/a1_description
-- Symlinking: /home/danya/a1_ros2_foxy_sim/src/install/a1_description/share/ament_index/resource_index/parent_prefix_path/a1_description
-- Symlinking: /home/danya/a1_ros2_foxy_sim/src/install/a1_description/share/a1_description/environment/ament_prefix_path.sh
-- Symlinking: /home/danya/a1_ros2_foxy_sim/src/install/a1_description/share/a1_description/environment/ament_prefix_path.dsv
-- Symlinking: /home/danya/a1_ros2_foxy_sim/src/install/a1_description/share/a1_description/environment/path.sh
-- Symlinking: /home/danya/a1_ros2_foxy_sim/src/install/a1_description/share/a1_description/environment/path.dsv
-- Symlinking: /home/danya/a1_ros2_foxy_sim/src/install/a1_description/share/a1_description/local_setup.bash
-- Symlinking: /home/danya/a1_ros2_foxy_sim/src/install/a1_description/share/a1_description/local_setup.sh
-- Symlinking: /home/danya/a1_ros2_foxy_sim/src/install/a1_description/share/a1_description/local_setup.zsh
-- Symlinking: /home/danya/a1_ros2_foxy_sim/src/install/a1_description/share/a1_description/local_setup.dsv
-- Symlinking: /home/danya/a1_ros2_foxy_sim/src/install/a1_description/share/a1_description/package.dsv
-- Symlinking: /home/danya/a1_ros2_foxy_sim/src/install/a1_description/share/ament_index/resource_index/packages/a1_description
-- Symlinking: /home/danya/a1_ros2_foxy_sim/src/install/a1_description/share/a1_description/cmake/a1_descriptionConfig.cmake
-- Symlinking: /home/danya/a1_ros2_foxy_sim/src/install/a1_description/share/a1_description/cmake/a1_descriptionConfig-version.cmake
-- Symlinking: /home/danya/a1_ros2_foxy_sim/src/install/a1_description/share/a1_description/package.xml
