[0.030s] Invoking command in '/home/danya/a1_ros2_foxy_sim/src/build/a1_description': CMAKE_PREFIX_PATH=/opt/ros/foxy /usr/bin/cmake /home/danya/a1_ros2_foxy_sim/src/quadruped_ros2_control/descriptions/unitree/a1_description -DAMENT_CMAKE_SYMLINK_INSTALL=1 -DCMAKE_INSTALL_PREFIX=/home/danya/a1_ros2_foxy_sim/src/install/a1_description
[0.248s] -- The C compiler identification is GNU 9.4.0
[0.418s] -- The CXX compiler identification is GNU 9.4.0
[0.430s] -- Check for working C compiler: /usr/bin/cc
[0.596s] -- Check for working C compiler: /usr/bin/cc -- works
[0.600s] -- Detecting C compiler ABI info
[0.761s] -- Detecting C compiler ABI info - done
[0.793s] -- Detecting C compile features
[0.795s] -- Detecting C compile features - done
[0.803s] -- Check for working CXX compiler: /usr/bin/c++
[0.982s] -- Check for working CXX compiler: /usr/bin/c++ -- works
[0.985s] -- Detecting CXX compiler ABI info
[1.164s] -- Detecting CXX compiler ABI info - done
[1.184s] -- Detecting CXX compile features
[1.185s] -- Detecting CXX compile features - done
[1.207s] -- Found ament_cmake: 0.9.12 (/opt/ros/foxy/share/ament_cmake/cmake)
[1.261s] -- Found PythonInterp: /usr/bin/python3 (found suitable version "3.8.10", minimum required is "3") 
[1.262s] -- Using PYTHON_EXECUTABLE: /usr/bin/python3
[1.604s] -- Override CMake install command with custom implementation using symlinks instead of copying resources
[1.773s] -- Configuring done
[1.777s] -- Generating done
[1.779s] -- Build files have been written to: /home/danya/a1_ros2_foxy_sim/src/build/a1_description
[1.786s] Invoked command in '/home/danya/a1_ros2_foxy_sim/src/build/a1_description' returned '0': CMAKE_PREFIX_PATH=/opt/ros/foxy /usr/bin/cmake /home/danya/a1_ros2_foxy_sim/src/quadruped_ros2_control/descriptions/unitree/a1_description -DAMENT_CMAKE_SYMLINK_INSTALL=1 -DCMAKE_INSTALL_PREFIX=/home/danya/a1_ros2_foxy_sim/src/install/a1_description
[1.795s] Invoking command in '/home/danya/a1_ros2_foxy_sim/src/build/a1_description': CMAKE_PREFIX_PATH=/opt/ros/foxy /usr/bin/cmake --build /home/danya/a1_ros2_foxy_sim/src/build/a1_description -- -j8 -l8
[1.889s] Invoked command in '/home/danya/a1_ros2_foxy_sim/src/build/a1_description' returned '0': CMAKE_PREFIX_PATH=/opt/ros/foxy /usr/bin/cmake --build /home/danya/a1_ros2_foxy_sim/src/build/a1_description -- -j8 -l8
[1.920s] Invoking command in '/home/danya/a1_ros2_foxy_sim/src/build/a1_description': CMAKE_PREFIX_PATH=/opt/ros/foxy /usr/bin/cmake --install /home/danya/a1_ros2_foxy_sim/src/build/a1_description
[1.937s] -- Install configuration: ""
[1.938s] -- Execute custom install script
[1.939s] -- Symlinking: /home/danya/a1_ros2_foxy_sim/src/install/a1_description/share/a1_description//meshes/calf.dae
[1.959s] -- Symlinking: /home/danya/a1_ros2_foxy_sim/src/install/a1_description/share/a1_description//meshes/hip.dae
[1.978s] -- Symlinking: /home/danya/a1_ros2_foxy_sim/src/install/a1_description/share/a1_description//meshes/thigh.dae
[2.000s] -- Symlinking: /home/danya/a1_ros2_foxy_sim/src/install/a1_description/share/a1_description//meshes/thigh_mirror.dae
[2.023s] -- Symlinking: /home/danya/a1_ros2_foxy_sim/src/install/a1_description/share/a1_description//meshes/trunk.dae
[2.047s] -- Symlinking: /home/danya/a1_ros2_foxy_sim/src/install/a1_description/share/a1_description//meshes/trunk_A1.png
[2.069s] -- Symlinking: /home/danya/a1_ros2_foxy_sim/src/install/a1_description/share/a1_description//xacro/const.xacro
[2.089s] -- Symlinking: /home/danya/a1_ros2_foxy_sim/src/install/a1_description/share/a1_description//xacro/gazebo.xacro
[2.107s] -- Symlinking: /home/danya/a1_ros2_foxy_sim/src/install/a1_description/share/a1_description//xacro/gazebo_classic.xacro
[2.130s] -- Symlinking: /home/danya/a1_ros2_foxy_sim/src/install/a1_description/share/a1_description//xacro/leg.xacro
[2.151s] -- Symlinking: /home/danya/a1_ros2_foxy_sim/src/install/a1_description/share/a1_description//xacro/materials.xacro
[2.175s] -- Symlinking: /home/danya/a1_ros2_foxy_sim/src/install/a1_description/share/a1_description//xacro/robot.xacro
[2.198s] -- Symlinking: /home/danya/a1_ros2_foxy_sim/src/install/a1_description/share/a1_description//xacro/ros2_control.xacro
[2.220s] -- Symlinking: /home/danya/a1_ros2_foxy_sim/src/install/a1_description/share/a1_description//xacro/stairs.xacro
[2.243s] -- Symlinking: /home/danya/a1_ros2_foxy_sim/src/install/a1_description/share/a1_description//xacro/transmission.xacro
[2.266s] -- Symlinking: /home/danya/a1_ros2_foxy_sim/src/install/a1_description/share/a1_description//launch/visualize.launch.py
[2.285s] -- Symlinking: /home/danya/a1_ros2_foxy_sim/src/install/a1_description/share/a1_description//config/gazebo.yaml
[2.303s] -- Symlinking: /home/danya/a1_ros2_foxy_sim/src/install/a1_description/share/a1_description//config/legged_gym/config.yaml
[2.326s] -- Symlinking: /home/danya/a1_ros2_foxy_sim/src/install/a1_description/share/a1_description//config/legged_gym/config_himloco.yaml
[2.346s] -- Symlinking: /home/danya/a1_ros2_foxy_sim/src/install/a1_description/share/a1_description//config/legged_gym/him.pt
[2.368s] -- Symlinking: /home/danya/a1_ros2_foxy_sim/src/install/a1_description/share/a1_description//config/legged_gym/rl_sar.pt
[2.393s] -- Symlinking: /home/danya/a1_ros2_foxy_sim/src/install/a1_description/share/a1_description//config/ocs2/gait.info
[2.412s] -- Symlinking: /home/danya/a1_ros2_foxy_sim/src/install/a1_description/share/a1_description//config/ocs2/reference.info
[2.430s] -- Symlinking: /home/danya/a1_ros2_foxy_sim/src/install/a1_description/share/a1_description//config/ocs2/task.info
[2.453s] -- Symlinking: /home/danya/a1_ros2_foxy_sim/src/install/a1_description/share/a1_description//config/robot_control.yaml
[2.472s] -- Symlinking: /home/danya/a1_ros2_foxy_sim/src/install/a1_description/share/a1_description//config/visualize_urdf.rviz
[2.492s] -- Symlinking: /home/danya/a1_ros2_foxy_sim/src/install/a1_description/share/a1_description//urdf/robot.urdf
[2.511s] -- Symlinking: /home/danya/a1_ros2_foxy_sim/src/install/a1_description/share/ament_index/resource_index/package_run_dependencies/a1_description
[2.529s] -- Symlinking: /home/danya/a1_ros2_foxy_sim/src/install/a1_description/share/ament_index/resource_index/parent_prefix_path/a1_description
[2.547s] -- Symlinking: /home/danya/a1_ros2_foxy_sim/src/install/a1_description/share/a1_description/environment/ament_prefix_path.sh
[2.569s] -- Symlinking: /home/danya/a1_ros2_foxy_sim/src/install/a1_description/share/a1_description/environment/ament_prefix_path.dsv
[2.587s] -- Symlinking: /home/danya/a1_ros2_foxy_sim/src/install/a1_description/share/a1_description/environment/path.sh
[2.605s] -- Symlinking: /home/danya/a1_ros2_foxy_sim/src/install/a1_description/share/a1_description/environment/path.dsv
[2.629s] -- Symlinking: /home/danya/a1_ros2_foxy_sim/src/install/a1_description/share/a1_description/local_setup.bash
[2.653s] -- Symlinking: /home/danya/a1_ros2_foxy_sim/src/install/a1_description/share/a1_description/local_setup.sh
[2.672s] -- Symlinking: /home/danya/a1_ros2_foxy_sim/src/install/a1_description/share/a1_description/local_setup.zsh
[2.691s] -- Symlinking: /home/danya/a1_ros2_foxy_sim/src/install/a1_description/share/a1_description/local_setup.dsv
[2.709s] -- Symlinking: /home/danya/a1_ros2_foxy_sim/src/install/a1_description/share/a1_description/package.dsv
[2.727s] -- Symlinking: /home/danya/a1_ros2_foxy_sim/src/install/a1_description/share/ament_index/resource_index/packages/a1_description
[2.746s] -- Symlinking: /home/danya/a1_ros2_foxy_sim/src/install/a1_description/share/a1_description/cmake/a1_descriptionConfig.cmake
[2.766s] -- Symlinking: /home/danya/a1_ros2_foxy_sim/src/install/a1_description/share/a1_description/cmake/a1_descriptionConfig-version.cmake
[2.784s] -- Symlinking: /home/danya/a1_ros2_foxy_sim/src/install/a1_description/share/a1_description/package.xml
[2.809s] Invoked command in '/home/danya/a1_ros2_foxy_sim/src/build/a1_description' returned '0': CMAKE_PREFIX_PATH=/opt/ros/foxy /usr/bin/cmake --install /home/danya/a1_ros2_foxy_sim/src/build/a1_description
